{"meta": {"format": 3, "version": "7.13.3", "timestamp": "2026-02-08T17:40:56.891215", "branch_coverage": false, "show_contexts": false}, "files": {"game_envs/__init__.py": {"executed_lines": [3, 9, 16, 23, 24, 25, 34, 40, 45, 46, 47, 54, 55, 56, 57, 58, 59, 60, 61, 84, 165, 166, 167, 168, 169, 170, 171, 172, 173, 174, 175, 176, 177, 178, 179, 180, 181, 182, 183], "summary": {"covered_lines": 39, "num_statements": 39, "percent_covered": 100.0, "percent_covered_display": "100", "missing_lines": 0, "excluded_lines": 0, "percent_statements_covered": 100.0, "percent_statements_covered_display": "100"}, "missing_lines": [], "excluded_lines": [], "functions": {"": {"executed_lines": [3, 9, 16, 23, 24, 25, 34, 40, 45, 46, 47, 54, 55, 56, 57, 58, 59, 60, 61, 84, 165, 166, 167, 168, 169, 170, 171, 172, 173, 174, 175, 176, 177, 178, 179, 180, 181, 182, 183], "summary": {"covered_lines": 39, "num_statements": 39, "percent_covered": 100.0, "percent_covered_display": "100", "missing_lines": 0, "excluded_lines": 0, "percent_statements_covered": 100.0, "percent_statements_covered_display": "100"}, "missing_lines": [], "excluded_lines": [], "start_line": 1}}, "classes": {"": {"executed_lines": [3, 9, 16, 23, 24, 25, 34, 40, 45, 46, 47, 54, 55, 56, 57, 58, 59, 60, 61, 84, 165, 166, 167, 168, 169, 170, 171, 172, 173, 174, 175, 176, 177, 178, 179, 180, 181, 182, 183], "summary": {"covered_lines": 39, "num_statements": 39, "percent_covered": 100.0, "percent_covered_display": "100", "missing_lines": 0, "excluded_lines": 0, "percent_statements_covered": 100.0, "percent_statements_covered_display": "100"}, "missing_lines": [], "excluded_lines": [], "start_line": 1}}}, "game_envs/analysis/__init__.py": {"executed_lines": [3, 9, 16, 23, 24, 25, 35], "summary": {"covered_lines": 7, "num_statements": 7, "percent_covered": 100.0, "percent_covered_display": "100", "missing_lines": 0, "excluded_lines": 0, "percent_statements_covered": 100.0, "percent_statements_covered_display": "100"}, "missing_lines": [], "excluded_lines": [], "functions": {"": {"executed_lines": [3, 9, 16, 23, 24, 25, 35], "summary": {"covered_lines": 7, "num_statements": 7, "percent_covered": 100.0, "percent_covered_display": "100", "missing_lines": 0, "excluded_lines": 0, "percent_statements_covered": 100.0, "percent_statements_covered_display": "100"}, "missing_lines": [], "excluded_lines": [], "start_line": 1}}, "classes": {"": {"executed_lines": [3, 9, 16, 23, 24, 25, 35], "summary": {"covered_lines": 7, "num_statements": 7, "percent_covered": 100.0, "percent_covered_display": "100", "missing_lines": 0, "excluded_lines": 0, "percent_statements_covered": 100.0, "percent_statements_covered_display": "100"}, "missing_lines": [], "excluded_lines": [], "start_line": 1}}}, "game_envs/analysis/cooperation.py": {"executed_lines": [7, 9, 10, 12, 14, 17, 19, 22, 23, 34, 35, 36, 38, 40, 46, 47, 49, 56, 72, 73, 75, 76, 77, 79, 80, 83, 107, 108, 111, 112, 113, 114, 115, 116, 117, 118, 119, 122, 123, 124, 125, 127, 128, 129, 131, 134, 135, 137, 138, 139, 140, 142, 143, 144, 146, 147, 149, 155, 178, 179, 182, 183, 184, 185, 186, 187, 188, 189, 190, 191, 192, 194, 195, 197, 198, 199, 200, 202, 205, 206, 207, 209, 210, 211, 213, 214, 216], "summary": {"covered_lines": 87, "num_statements": 90, "percent_covered": 96.66666666666667, "percent_covered_display": "97", "missing_lines": 3, "excluded_lines": 0, "percent_statements_covered": 96.66666666666667, "percent_statements_covered_display": "97"}, "missing_lines": [120, 132, 203], "excluded_lines": [], "functions": {"_is_cooperative": {"executed_lines": [19], "summary": {"covered_lines": 1, "num_statements": 1, "percent_covered": 100.0, "percent_covered_display": "100", "missing_lines": 0, "excluded_lines": 0, "percent_statements_covered": 100.0, "percent_statements_covered_display": "100"}, "missing_lines": [], "excluded_lines": [], "start_line": 17}, "CooperationMetrics.to_dict": {"executed_lines": [40], "summary": {"covered_lines": 1, "num_statements": 1, "percent_covered": 100.0, "percent_covered_display": "100", "missing_lines": 0, "excluded_lines": 0, "percent_statements_covered": 100.0, "percent_statements_covered_display": "100"}, "missing_lines": [], "excluded_lines": [], "start_line": 38}, "CooperationMetrics.from_dict": {"executed_lines": [49], "summary": {"covered_lines": 1, "num_statements": 1, "percent_covered": 100.0, "percent_covered_display": "100", "missing_lines": 0, "excluded_lines": 0, "percent_statements_covered": 100.0, "percent_statements_covered_display": "100"}, "missing_lines": [], "excluded_lines": [], "start_line": 47}, "cooperation_rate": {"executed_lines": [72, 73, 75, 76, 77, 79, 80], "summary": {"covered_lines": 7, "num_statements": 7, "percent_covered": 100.0, "percent_covered_display": "100", "missing_lines": 0, "excluded_lines": 0, "percent_statements_covered": 100.0, "percent_statements_covered_display": "100"}, "missing_lines": [], "excluded_lines": [], "start_line": 56}, "conditional_cooperation": {"executed_lines": [107, 108, 111, 112, 113, 114, 115, 116, 117, 118, 119, 122, 123, 124, 125, 127, 128, 129, 131, 134, 135, 137, 138, 139, 140, 142, 143, 144, 146, 147, 149], "summary": {"covered_lines": 31, "num_statements": 33, "percent_covered": 93.93939393939394, "percent_covered_display": "94", "missing_lines": 2, "excluded_lines": 0, "percent_statements_covered": 93.93939393939394, "percent_statements_covered_display": "94"}, "missing_lines": [120, 132], "excluded_lines": [], "start_line": 83}, "reciprocity_index": {"executed_lines": [178, 179, 182, 183, 184, 185, 186, 187, 188, 189, 190, 191, 192, 194, 195, 197, 198, 199, 200, 202, 205, 206, 207, 209, 210, 211, 213, 214, 216], "summary": {"covered_lines": 29, "num_statements": 30, "percent_covered": 96.66666666666667, "percent_covered_display": "97", "missing_lines": 1, "excluded_lines": 0, "percent_statements_covered": 96.66666666666667, "percent_statements_covered_display": "97"}, "missing_lines": [203], "excluded_lines": [], "start_line": 155}, "": {"executed_lines": [7, 9, 10, 12, 14, 17, 22, 23, 34, 35, 36, 38, 46, 47, 56, 83, 155], "summary": {"covered_lines": 17, "num_statements": 17, "percent_covered": 100.0, "percent_covered_display": "100", "missing_lines": 0, "excluded_lines": 0, "percent_statements_covered": 100.0, "percent_statements_covered_display": "100"}, "missing_lines": [], "excluded_lines": [], "start_line": 1}}, "classes": {"CooperationMetrics": {"executed_lines": [40, 49], "summary": {"covered_lines": 2, "num_statements": 2, "percent_covered": 100.0, "percent_covered_display": "100", "missing_lines": 0, "excluded_lines": 0, "percent_statements_covered": 100.0, "percent_statements_covered_display": "100"}, "missing_lines": [], "excluded_lines": [], "start_line": 23}, "": {"executed_lines": [7, 9, 10, 12, 14, 17, 19, 22, 23, 34, 35, 36, 38, 46, 47, 56, 72, 73, 75, 76, 77, 79, 80, 83, 107, 108, 111, 112, 113, 114, 115, 116, 117, 118, 119, 122, 123, 124, 125, 127, 128, 129, 131, 134, 135, 137, 138, 139, 140, 142, 143, 144, 146, 147, 149, 155, 178, 179, 182, 183, 184, 185, 186, 187, 188, 189, 190, 191, 192, 194, 195, 197, 198, 199, 200, 202, 205, 206, 207, 209, 210, 211, 213, 214, 216], "summary": {"covered_lines": 85, "num_statements": 88, "percent_covered": 96.5909090909091, "percent_covered_display": "97", "missing_lines": 3, "excluded_lines": 0, "percent_statements_covered": 96.5909090909091, "percent_statements_covered_display": "97"}, "missing_lines": [120, 132, 203], "excluded_lines": [], "start_line": 1}}}, "game_envs/analysis/exploitability.py": {"executed_lines": [8, 10, 11, 12, 14, 16, 17, 18, 21, 22, 33, 35, 36, 56, 57, 59, 60, 61, 62, 64, 65, 67, 68, 69, 70, 72, 84, 85, 86, 90, 91, 92, 93, 95, 97, 101, 102, 107, 112, 113, 123, 124, 125, 129, 131, 137, 138, 143, 150, 169, 170, 174, 175, 176, 179, 205, 206, 209, 216, 222, 223, 225, 226, 227, 229, 230, 231, 233, 235, 245, 264, 265, 268, 269, 270, 272, 274, 277, 278, 279, 282, 283, 285, 286, 287, 288, 289, 290, 293, 294, 296], "summary": {"covered_lines": 91, "num_statements": 95, "percent_covered": 95.78947368421052, "percent_covered_display": "96", "missing_lines": 4, "excluded_lines": 0, "percent_statements_covered": 95.78947368421052, "percent_statements_covered_display": "96"}, "missing_lines": [172, 266, 273, 275], "excluded_lines": [], "functions": {"EmpiricalStrategy.from_history": {"executed_lines": [56, 57, 59, 60, 61, 62, 64, 65, 67, 68, 69, 70], "summary": {"covered_lines": 12, "num_statements": 12, "percent_covered": 100.0, "percent_covered_display": "100", "missing_lines": 0, "excluded_lines": 0, "percent_statements_covered": 100.0, "percent_statements_covered_display": "100"}, "missing_lines": [], "excluded_lines": [], "start_line": 36}, "EmpiricalStrategy.to_array": {"executed_lines": [84, 85, 86, 90, 91, 92, 93], "summary": {"covered_lines": 7, "num_statements": 7, "percent_covered": 100.0, "percent_covered_display": "100", "missing_lines": 0, "excluded_lines": 0, "percent_statements_covered": 100.0, "percent_statements_covered_display": "100"}, "missing_lines": [], "excluded_lines": [], "start_line": 72}, "EmpiricalStrategy.to_dict": {"executed_lines": [97], "summary": {"covered_lines": 1, "num_statements": 1, "percent_covered": 100.0, "percent_covered_display": "100", "missing_lines": 0, "excluded_lines": 0, "percent_statements_covered": 100.0, "percent_statements_covered_display": "100"}, "missing_lines": [], "excluded_lines": [], "start_line": 95}, "EmpiricalStrategy.from_dict": {"executed_lines": [107], "summary": {"covered_lines": 1, "num_statements": 1, "percent_covered": 100.0, "percent_covered_display": "100", "missing_lines": 0, "excluded_lines": 0, "percent_statements_covered": 100.0, "percent_statements_covered_display": "100"}, "missing_lines": [], "excluded_lines": [], "start_line": 102}, "ExploitabilityResult.to_dict": {"executed_lines": [131], "summary": {"covered_lines": 1, "num_statements": 1, "percent_covered": 100.0, "percent_covered_display": "100", "missing_lines": 0, "excluded_lines": 0, "percent_statements_covered": 100.0, "percent_statements_covered_display": "100"}, "missing_lines": [], "excluded_lines": [], "start_line": 129}, "ExploitabilityResult.from_dict": {"executed_lines": [143], "summary": {"covered_lines": 1, "num_statements": 1, "percent_covered": 100.0, "percent_covered_display": "100", "missing_lines": 0, "excluded_lines": 0, "percent_statements_covered": 100.0, "percent_statements_covered_display": "100"}, "missing_lines": [], "excluded_lines": [], "start_line": 138}, "compute_best_response": {"executed_lines": [169, 170, 174, 175, 176], "summary": {"covered_lines": 5, "num_statements": 6, "percent_covered": 83.33333333333333, "percent_covered_display": "83", "missing_lines": 1, "excluded_lines": 0, "percent_statements_covered": 83.33333333333333, "percent_statements_covered_display": "83"}, "missing_lines": [172], "excluded_lines": [], "start_line": 150}, "compute_exploitability": {"executed_lines": [205, 206, 209, 216, 222, 223, 225, 226, 227, 229, 230, 231, 233, 235], "summary": {"covered_lines": 14, "num_statements": 14, "percent_covered": 100.0, "percent_covered_display": "100", "missing_lines": 0, "excluded_lines": 0, "percent_statements_covered": 100.0, "percent_statements_covered_display": "100"}, "missing_lines": [], "excluded_lines": [], "start_line": 179}, "compute_exploitability_from_game": {"executed_lines": [264, 265, 268, 269, 270, 272, 274, 277, 278, 279, 282, 283, 285, 286, 287, 288, 289, 290, 293, 294, 296], "summary": {"covered_lines": 21, "num_statements": 24, "percent_covered": 87.5, "percent_covered_display": "88", "missing_lines": 3, "excluded_lines": 0, "percent_statements_covered": 87.5, "percent_statements_covered_display": "88"}, "missing_lines": [266, 273, 275], "excluded_lines": [], "start_line": 245}, "": {"executed_lines": [8, 10, 11, 12, 14, 16, 17, 18, 21, 22, 33, 35, 36, 72, 95, 101, 102, 112, 113, 123, 124, 125, 129, 137, 138, 150, 179, 245], "summary": {"covered_lines": 28, "num_statements": 28, "percent_covered": 100.0, "percent_covered_display": "100", "missing_lines": 0, "excluded_lines": 0, "percent_statements_covered": 100.0, "percent_statements_covered_display": "100"}, "missing_lines": [], "excluded_lines": [], "start_line": 1}}, "classes": {"EmpiricalStrategy": {"executed_lines": [56, 57, 59, 60, 61, 62, 64, 65, 67, 68, 69, 70, 84, 85, 86, 90, 91, 92, 93, 97, 107], "summary": {"covered_lines": 21, "num_statements": 21, "percent_covered": 100.0, "percent_covered_display": "100", "missing_lines": 0, "excluded_lines": 0, "percent_statements_covered": 100.0, "percent_statements_covered_display": "100"}, "missing_lines": [], "excluded_lines": [], "start_line": 22}, "ExploitabilityResult": {"executed_lines": [131, 143], "summary": {"covered_lines": 2, "num_statements": 2, "percent_covered": 100.0, "percent_covered_display": "100", "missing_lines": 0, "excluded_lines": 0, "percent_statements_covered": 100.0, "percent_statements_covered_display": "100"}, "missing_lines": [], "excluded_lines": [], "start_line": 113}, "": {"executed_lines": [8, 10, 11, 12, 14, 16, 17, 18, 21, 22, 33, 35, 36, 72, 95, 101, 102, 112, 113, 123, 124, 125, 129, 137, 138, 150, 169, 170, 174, 175, 176, 179, 205, 206, 209, 216, 222, 223, 225, 226, 227, 229, 230, 231, 233, 235, 245, 264, 265, 268, 269, 270, 272, 274, 277, 278, 279, 282, 283, 285, 286, 287, 288, 289, 290, 293, 294, 296], "summary": {"covered_lines": 68, "num_statements": 72, "percent_covered": 94.44444444444444, "percent_covered_display": "94", "missing_lines": 4, "excluded_lines": 0, "percent_statements_covered": 94.44444444444444, "percent_statements_covered_display": "94"}, "missing_lines": [172, 266, 273, 275], "excluded_lines": [], "start_line": 1}}}, "game_envs/analysis/fairness.py": {"executed_lines": [7, 9, 10, 13, 14, 25, 26, 27, 28, 29, 31, 33, 41, 42, 44, 53, 68, 69, 71, 72, 74, 75, 77, 78, 79, 82, 83, 85, 88, 106, 107, 109, 110, 112, 113, 114, 115, 117, 120, 142, 143, 145, 146, 148, 149, 151, 152, 153, 155, 156, 158, 160, 161, 165, 166, 169, 171, 174, 186, 187, 189], "summary": {"covered_lines": 61, "num_statements": 62, "percent_covered": 98.38709677419355, "percent_covered_display": "98", "missing_lines": 1, "excluded_lines": 0, "percent_statements_covered": 98.38709677419355, "percent_statements_covered_display": "98"}, "missing_lines": [162], "excluded_lines": [], "functions": {"FairnessMetrics.to_dict": {"executed_lines": [33], "summary": {"covered_lines": 1, "num_statements": 1, "percent_covered": 100.0, "percent_covered_display": "100", "missing_lines": 0, "excluded_lines": 0, "percent_statements_covered": 100.0, "percent_statements_covered_display": "100"}, "missing_lines": [], "excluded_lines": [], "start_line": 31}, "FairnessMetrics.from_dict": {"executed_lines": [44], "summary": {"covered_lines": 1, "num_statements": 1, "percent_covered": 100.0, "percent_covered_display": "100", "missing_lines": 0, "excluded_lines": 0, "percent_statements_covered": 100.0, "percent_statements_covered_display": "100"}, "missing_lines": [], "excluded_lines": [], "start_line": 42}, "gini_coefficient": {"executed_lines": [68, 69, 71, 72, 74, 75, 77, 78, 79, 82, 83, 85], "summary": {"covered_lines": 12, "num_statements": 12, "percent_covered": 100.0, "percent_covered_display": "100", "missing_lines": 0, "excluded_lines": 0, "percent_statements_covered": 100.0, "percent_statements_covered_display": "100"}, "missing_lines": [], "excluded_lines": [], "start_line": 53}, "envy_freeness": {"executed_lines": [106, 107, 109, 110, 112, 113, 114, 115, 117], "summary": {"covered_lines": 9, "num_statements": 9, "percent_covered": 100.0, "percent_covered_display": "100", "missing_lines": 0, "excluded_lines": 0, "percent_statements_covered": 100.0, "percent_statements_covered_display": "100"}, "missing_lines": [], "excluded_lines": [], "start_line": 88}, "proportionality": {"executed_lines": [142, 143, 145, 146, 148, 149, 151, 152, 153, 155, 156, 158, 160, 161, 165, 166, 169, 171], "summary": {"covered_lines": 18, "num_statements": 19, "percent_covered": 94.73684210526316, "percent_covered_display": "95", "missing_lines": 1, "excluded_lines": 0, "percent_statements_covered": 94.73684210526316, "percent_statements_covered_display": "95"}, "missing_lines": [162], "excluded_lines": [], "start_line": 120}, "utilitarian_welfare": {"executed_lines": [186, 187, 189], "summary": {"covered_lines": 3, "num_statements": 3, "percent_covered": 100.0, "percent_covered_display": "100", "missing_lines": 0, "excluded_lines": 0, "percent_statements_covered": 100.0, "percent_statements_covered_display": "100"}, "missing_lines": [], "excluded_lines": [], "start_line": 174}, "": {"executed_lines": [7, 9, 10, 13, 14, 25, 26, 27, 28, 29, 31, 41, 42, 53, 88, 120, 174], "summary": {"covered_lines": 17, "num_statements": 17, "percent_covered": 100.0, "percent_covered_display": "100", "missing_lines": 0, "excluded_lines": 0, "percent_statements_covered": 100.0, "percent_statements_covered_display": "100"}, "missing_lines": [], "excluded_lines": [], "start_line": 1}}, "classes": {"FairnessMetrics": {"executed_lines": [33, 44], "summary": {"covered_lines": 2, "num_statements": 2, "percent_covered": 100.0, "percent_covered_display": "100", "missing_lines": 0, "excluded_lines": 0, "percent_statements_covered": 100.0, "percent_statements_covered_display": "100"}, "missing_lines": [], "excluded_lines": [], "start_line": 14}, "": {"executed_lines": [7, 9, 10, 13, 14, 25, 26, 27, 28, 29, 31, 41, 42, 53, 68, 69, 71, 72, 74, 75, 77, 78, 79, 82, 83, 85, 88, 106, 107, 109, 110, 112, 113, 114, 115, 117, 120, 142, 143, 145, 146, 148, 149, 151, 152, 153, 155, 156, 158, 160, 161, 165, 166, 169, 171, 174, 186, 187, 189], "summary": {"covered_lines": 59, "num_statements": 60, "percent_covered": 98.33333333333333, "percent_covered_display": "98", "missing_lines": 1, "excluded_lines": 0, "percent_statements_covered": 98.33333333333333, "percent_statements_covered_display": "98"}, "missing_lines": [162], "excluded_lines": [], "start_line": 1}}}, "game_envs/analysis/models.py": {"executed_lines": [3, 5, 6, 8, 11, 12, 26, 27, 28, 29, 31, 33, 40, 41, 43, 50, 52, 53, 54, 55, 57, 59, 61, 62, 63], "summary": {"covered_lines": 25, "num_statements": 25, "percent_covered": 100.0, "percent_covered_display": "100", "missing_lines": 0, "excluded_lines": 0, "percent_statements_covered": 100.0, "percent_statements_covered_display": "100"}, "missing_lines": [], "excluded_lines": [], "functions": {"NashEquilibrium.to_dict": {"executed_lines": [33], "summary": {"covered_lines": 1, "num_statements": 1, "percent_covered": 100.0, "percent_covered_display": "100", "missing_lines": 0, "excluded_lines": 0, "percent_statements_covered": 100.0, "percent_statements_covered_display": "100"}, "missing_lines": [], "excluded_lines": [], "start_line": 31}, "NashEquilibrium.from_dict": {"executed_lines": [43], "summary": {"covered_lines": 1, "num_statements": 1, "percent_covered": 100.0, "percent_covered_display": "100", "missing_lines": 0, "excluded_lines": 0, "percent_statements_covered": 100.0, "percent_statements_covered_display": "100"}, "missing_lines": [], "excluded_lines": [], "start_line": 41}, "NashEquilibrium.is_pure": {"executed_lines": [52, 53, 54, 55], "summary": {"covered_lines": 4, "num_statements": 4, "percent_covered": 100.0, "percent_covered_display": "100", "missing_lines": 0, "excluded_lines": 0, "percent_statements_covered": 100.0, "percent_statements_covered_display": "100"}, "missing_lines": [], "excluded_lines": [], "start_line": 50}, "NashEquilibrium.is_mixed": {"executed_lines": [59], "summary": {"covered_lines": 1, "num_statements": 1, "percent_covered": 100.0, "percent_covered_display": "100", "missing_lines": 0, "excluded_lines": 0, "percent_statements_covered": 100.0, "percent_statements_covered_display": "100"}, "missing_lines": [], "excluded_lines": [], "start_line": 57}, "NashEquilibrium.__repr__": {"executed_lines": [62, 63], "summary": {"covered_lines": 2, "num_statements": 2, "percent_covered": 100.0, "percent_covered_display": "100", "missing_lines": 0, "excluded_lines": 0, "percent_statements_covered": 100.0, "percent_statements_covered_display": "100"}, "missing_lines": [], "excluded_lines": [], "start_line": 61}, "": {"executed_lines": [3, 5, 6, 8, 11, 12, 26, 27, 28, 29, 31, 40, 41, 50, 57, 61], "summary": {"covered_lines": 16, "num_statements": 16, "percent_covered": 100.0, "percent_covered_display": "100", "missing_lines": 0, "excluded_lines": 0, "percent_statements_covered": 100.0, "percent_statements_covered_display": "100"}, "missing_lines": [], "excluded_lines": [], "start_line": 1}}, "classes": {"NashEquilibrium": {"executed_lines": [33, 43, 52, 53, 54, 55, 59, 62, 63], "summary": {"covered_lines": 9, "num_statements": 9, "percent_covered": 100.0, "percent_covered_display": "100", "missing_lines": 0, "excluded_lines": 0, "percent_statements_covered": 100.0, "percent_statements_covered_display": "100"}, "missing_lines": [], "excluded_lines": [], "start_line": 12}, "": {"executed_lines": [3, 5, 6, 8, 11, 12, 26, 27, 28, 29, 31, 40, 41, 50, 57, 61], "summary": {"covered_lines": 16, "num_statements": 16, "percent_covered": 100.0, "percent_covered_display": "100", "missing_lines": 0, "excluded_lines": 0, "percent_statements_covered": 100.0, "percent_statements_covered_display": "100"}, "missing_lines": [], "excluded_lines": [], "start_line": 1}}}, "game_envs/analysis/nash_solver.py": {"executed_lines": [10, 12, 14, 16, 19, 22, 23, 43, 44, 48, 49, 50, 51, 52, 53, 60, 61, 63, 65, 66, 87, 90, 95, 96, 101, 108, 119, 120, 123, 125, 126, 128, 129, 134, 135, 137, 138, 141, 142, 143, 144, 145, 147, 148, 149, 154, 156, 160, 161, 163, 164, 166, 167, 168, 169, 170, 172, 173, 174, 177, 178, 181, 182, 184, 185, 186, 188, 189, 190, 193, 194, 195, 196, 199, 200, 205, 206, 208, 209, 211, 217, 218, 238, 239, 240, 243, 244, 246, 247, 249, 251, 256, 257, 260, 261, 268, 269, 271, 274, 275, 276, 277, 282, 284, 289, 296, 297, 320, 321, 322, 325, 326, 328, 329, 330, 331, 334, 336, 337, 338, 339, 340, 345, 348, 349, 352, 353, 354, 355, 359, 361, 365, 367, 368, 370, 373, 374, 375, 380, 382, 387, 394, 395, 418, 419, 423, 424, 425, 427, 428, 446, 447, 452, 453, 458, 461, 480, 482, 484, 485, 486, 487, 489, 490, 492, 495, 513, 514, 517, 518, 521, 522, 523, 526, 527, 528, 531, 532, 533, 534, 535, 539, 540, 542, 543, 544, 545, 548, 549, 550, 551, 552, 553, 555, 565, 576, 579, 580, 581, 582, 583, 585, 586, 587, 597, 598, 601, 602, 604, 605, 606, 609, 610, 613, 618, 621, 622, 623, 624, 625, 633, 636, 637, 638], "summary": {"covered_lines": 224, "num_statements": 238, "percent_covered": 94.11764705882354, "percent_covered_display": "94", "missing_lines": 14, "excluded_lines": 0, "percent_statements_covered": 94.11764705882354, "percent_statements_covered_display": "94"}, "missing_lines": [136, 162, 198, 202, 357, 358, 589, 594, 595, 596, 607, 619, 634, 635], "excluded_lines": [], "functions": {"NashSolver.support_enumeration": {"executed_lines": [43, 44, 48, 49, 50, 51, 52, 53, 60, 61, 63], "summary": {"covered_lines": 11, "num_statements": 11, "percent_covered": 100.0, "percent_covered_display": "100", "missing_lines": 0, "excluded_lines": 0, "percent_statements_covered": 100.0, "percent_statements_covered_display": "100"}, "missing_lines": [], "excluded_lines": [], "start_line": 23}, "NashSolver.lemke_howson": {"executed_lines": [87, 90, 95, 96, 101, 108, 119, 120, 123, 125, 126, 128, 129, 134, 135, 137, 138, 141, 142, 143, 144, 145, 147, 148, 149, 154, 156, 160, 161, 163, 164, 166, 167, 168, 169, 170, 172, 173, 174, 177, 178, 181, 182, 184, 185, 186, 188, 189, 190, 193, 194, 195, 196, 199, 200, 205, 206, 208, 209, 211], "summary": {"covered_lines": 60, "num_statements": 64, "percent_covered": 93.75, "percent_covered_display": "94", "missing_lines": 4, "excluded_lines": 0, "percent_statements_covered": 93.75, "percent_statements_covered_display": "94"}, "missing_lines": [136, 162, 198, 202], "excluded_lines": [], "start_line": 66}, "NashSolver.fictitious_play": {"executed_lines": [238, 239, 240, 243, 244, 246, 247, 249, 251, 256, 257, 260, 261, 268, 269, 271, 274, 275, 276, 277, 282, 284, 289], "summary": {"covered_lines": 23, "num_statements": 23, "percent_covered": 100.0, "percent_covered_display": "100", "missing_lines": 0, "excluded_lines": 0, "percent_statements_covered": 100.0, "percent_statements_covered_display": "100"}, "missing_lines": [], "excluded_lines": [], "start_line": 218}, "NashSolver.replicator_dynamics": {"executed_lines": [320, 321, 322, 325, 326, 328, 329, 330, 331, 334, 336, 337, 338, 339, 340, 345, 348, 349, 352, 353, 354, 355, 359, 361, 365, 367, 368, 370, 373, 374, 375, 380, 382, 387], "summary": {"covered_lines": 34, "num_statements": 36, "percent_covered": 94.44444444444444, "percent_covered_display": "94", "missing_lines": 2, "excluded_lines": 0, "percent_statements_covered": 94.44444444444444, "percent_statements_covered_display": "94"}, "missing_lines": [357, 358], "excluded_lines": [], "start_line": 297}, "NashSolver.solve_2player": {"executed_lines": [418, 419, 423, 424, 425], "summary": {"covered_lines": 5, "num_statements": 5, "percent_covered": 100.0, "percent_covered_display": "100", "missing_lines": 0, "excluded_lines": 0, "percent_statements_covered": 100.0, "percent_statements_covered_display": "100"}, "missing_lines": [], "excluded_lines": [], "start_line": 395}, "NashSolver.solve_nplayer": {"executed_lines": [446, 447, 452, 453, 458], "summary": {"covered_lines": 5, "num_statements": 5, "percent_covered": 100.0, "percent_covered_display": "100", "missing_lines": 0, "excluded_lines": 0, "percent_statements_covered": 100.0, "percent_statements_covered_display": "100"}, "missing_lines": [], "excluded_lines": [], "start_line": 428}, "_expected_payoffs": {"executed_lines": [480, 482, 484, 485, 486, 487, 489, 490, 492], "summary": {"covered_lines": 9, "num_statements": 9, "percent_covered": 100.0, "percent_covered_display": "100", "missing_lines": 0, "excluded_lines": 0, "percent_statements_covered": 100.0, "percent_statements_covered_display": "100"}, "missing_lines": [], "excluded_lines": [], "start_line": 461}, "_solve_support": {"executed_lines": [513, 514, 517, 518, 521, 522, 523, 526, 527, 528, 531, 532, 533, 534, 535, 539, 540, 542, 543, 544, 545, 548, 549, 550, 551, 552, 553, 555], "summary": {"covered_lines": 28, "num_statements": 28, "percent_covered": 100.0, "percent_covered_display": "100", "missing_lines": 0, "excluded_lines": 0, "percent_statements_covered": 100.0, "percent_statements_covered_display": "100"}, "missing_lines": [], "excluded_lines": [], "start_line": 495}, "_solve_indifference": {"executed_lines": [576, 579, 580, 581, 582, 583, 585, 586, 587, 597, 598, 601, 602, 604, 605, 606, 609, 610], "summary": {"covered_lines": 18, "num_statements": 23, "percent_covered": 78.26086956521739, "percent_covered_display": "78", "missing_lines": 5, "excluded_lines": 0, "percent_statements_covered": 78.26086956521739, "percent_statements_covered_display": "78"}, "missing_lines": [589, 594, 595, 596, 607], "excluded_lines": [], "start_line": 565}, "_deduplicate": {"executed_lines": [618, 621, 622, 623, 624, 625, 633, 636, 637, 638], "summary": {"covered_lines": 10, "num_statements": 13, "percent_covered": 76.92307692307692, "percent_covered_display": "77", "missing_lines": 3, "excluded_lines": 0, "percent_statements_covered": 76.92307692307692, "percent_statements_covered_display": "77"}, "missing_lines": [619, 634, 635], "excluded_lines": [], "start_line": 613}, "": {"executed_lines": [10, 12, 14, 16, 19, 22, 23, 65, 66, 217, 218, 296, 297, 394, 395, 427, 428, 461, 495, 565, 613], "summary": {"covered_lines": 21, "num_statements": 21, "percent_covered": 100.0, "percent_covered_display": "100", "missing_lines": 0, "excluded_lines": 0, "percent_statements_covered": 100.0, "percent_statements_covered_display": "100"}, "missing_lines": [], "excluded_lines": [], "start_line": 1}}, "classes": {"NashSolver": {"executed_lines": [43, 44, 48, 49, 50, 51, 52, 53, 60, 61, 63, 87, 90, 95, 96, 101, 108, 119, 120, 123, 125, 126, 128, 129, 134, 135, 137, 138, 141, 142, 143, 144, 145, 147, 148, 149, 154, 156, 160, 161, 163, 164, 166, 167, 168, 169, 170, 172, 173, 174, 177, 178, 181, 182, 184, 185, 186, 188, 189, 190, 193, 194, 195, 196, 199, 200, 205, 206, 208, 209, 211, 238, 239, 240, 243, 244, 246, 247, 249, 251, 256, 257, 260, 261, 268, 269, 271, 274, 275, 276, 277, 282, 284, 289, 320, 321, 322, 325, 326, 328, 329, 330, 331, 334, 336, 337, 338, 339, 340, 345, 348, 349, 352, 353, 354, 355, 359, 361, 365, 367, 368, 370, 373, 374, 375, 380, 382, 387, 418, 419, 423, 424, 425, 446, 447, 452, 453, 458], "summary": {"covered_lines": 138, "num_statements": 144, "percent_covered": 95.83333333333333, "percent_covered_display": "96", "missing_lines": 6, "excluded_lines": 0, "percent_statements_covered": 95.83333333333333, "percent_statements_covered_display": "96"}, "missing_lines": [136, 162, 198, 202, 357, 358], "excluded_lines": [], "start_line": 19}, "": {"executed_lines": [10, 12, 14, 16, 19, 22, 23, 65, 66, 217, 218, 296, 297, 394, 395, 427, 428, 461, 480, 482, 484, 485, 486, 487, 489, 490, 492, 495, 513, 514, 517, 518, 521, 522, 523, 526, 527, 528, 531, 532, 533, 534, 535, 539, 540, 542, 543, 544, 545, 548, 549, 550, 551, 552, 553, 555, 565, 576, 579, 580, 581, 582, 583, 585, 586, 587, 597, 598, 601, 602, 604, 605, 606, 609, 610, 613, 618, 621, 622, 623, 624, 625, 633, 636, 637, 638], "summary": {"covered_lines": 86, "num_statements": 94, "percent_covered": 91.48936170212765, "percent_covered_display": "91", "missing_lines": 8, "excluded_lines": 0, "percent_statements_covered": 91.48936170212765, "percent_statements_covered_display": "91"}, "missing_lines": [589, 594, 595, 596, 607, 619, 634, 635], "excluded_lines": [], "start_line": 1}}}, "game_envs/analysis/population.py": {"executed_lines": [8, 10, 11, 12, 13, 15, 17, 18, 21, 22, 31, 32, 33, 35, 37, 43, 44, 46, 53, 54, 67, 68, 69, 70, 71, 73, 75, 83, 84, 86, 94, 103, 104, 105, 106, 112, 128, 129, 130, 132, 133, 134, 135, 136, 138, 139, 141, 142, 143, 144, 145, 146, 147, 148, 150, 151, 153, 156, 159, 160, 177, 187, 188, 190, 206, 207, 208, 209, 211, 212, 213, 214, 215, 218, 232, 238, 239, 240, 242, 256, 257, 259, 260, 264, 266, 267, 268, 270, 274, 275, 276, 277, 278, 281, 282, 283, 284, 287, 288, 289, 291, 292, 293, 297, 317, 318, 319, 321, 322, 323, 325, 327, 329, 331, 333, 334, 335, 338, 341, 343, 346, 364, 367, 369, 370, 371, 372, 373, 374, 376, 377, 379, 382, 396, 403, 404, 405, 406, 408, 427, 428, 431, 432, 433, 434, 435, 439, 442, 444, 447, 448, 456, 457, 460, 461, 462, 465, 466, 467, 476, 479, 480, 483, 485], "summary": {"covered_lines": 164, "num_statements": 171, "percent_covered": 95.90643274853801, "percent_covered_display": "96", "missing_lines": 7, "excluded_lines": 3, "percent_statements_covered": 95.90643274853801, "percent_statements_covered_display": "96"}, "missing_lines": [261, 262, 271, 294, 336, 365, 437], "excluded_lines": [174, 175, 176], "functions": {"PopulationSnapshot.to_dict": {"executed_lines": [37], "summary": {"covered_lines": 1, "num_statements": 1, "percent_covered": 100.0, "percent_covered_display": "100", "missing_lines": 0, "excluded_lines": 0, "percent_statements_covered": 100.0, "percent_statements_covered_display": "100"}, "missing_lines": [], "excluded_lines": [], "start_line": 35}, "PopulationSnapshot.from_dict": {"executed_lines": [46], "summary": {"covered_lines": 1, "num_statements": 1, "percent_covered": 100.0, "percent_covered_display": "100", "missing_lines": 0, "excluded_lines": 0, "percent_statements_covered": 100.0, "percent_statements_covered_display": "100"}, "missing_lines": [], "excluded_lines": [], "start_line": 44}, "PopulationResult.to_dict": {"executed_lines": [75], "summary": {"covered_lines": 1, "num_statements": 1, "percent_covered": 100.0, "percent_covered_display": "100", "missing_lines": 0, "excluded_lines": 0, "percent_statements_covered": 100.0, "percent_statements_covered_display": "100"}, "missing_lines": [], "excluded_lines": [], "start_line": 73}, "PopulationResult.from_dict": {"executed_lines": [86], "summary": {"covered_lines": 1, "num_statements": 1, "percent_covered": 100.0, "percent_covered_display": "100", "missing_lines": 0, "excluded_lines": 0, "percent_statements_covered": 100.0, "percent_statements_covered_display": "100"}, "missing_lines": [], "excluded_lines": [], "start_line": 84}, "PopulationResult.frequency_timeseries": {"executed_lines": [103, 104, 105, 106], "summary": {"covered_lines": 4, "num_statements": 4, "percent_covered": 100.0, "percent_covered_display": "100", "missing_lines": 0, "excluded_lines": 0, "percent_statements_covered": 100.0, "percent_statements_covered_display": "100"}, "missing_lines": [], "excluded_lines": [], "start_line": 94}, "_compute_payoff_matrix": {"executed_lines": [128, 129, 130, 132, 133, 134, 135, 136, 138, 139, 141, 142, 143, 144, 145, 146, 147, 148, 150, 151, 153], "summary": {"covered_lines": 21, "num_statements": 21, "percent_covered": 100.0, "percent_covered_display": "100", "missing_lines": 0, "excluded_lines": 0, "percent_statements_covered": 100.0, "percent_statements_covered_display": "100"}, "missing_lines": [], "excluded_lines": [], "start_line": 112}, "PopulationDynamics.step": {"executed_lines": [], "summary": {"covered_lines": 0, "num_statements": 0, "percent_covered": 100.0, "percent_covered_display": "100", "missing_lines": 0, "excluded_lines": 1, "percent_statements_covered": 100.0, "percent_statements_covered_display": "100"}, "missing_lines": [], "excluded_lines": [174], "start_line": 160}, "ReplicatorDynamics.__init__": {"executed_lines": [188], "summary": {"covered_lines": 1, "num_statements": 1, "percent_covered": 100.0, "percent_covered_display": "100", "missing_lines": 0, "excluded_lines": 0, "percent_statements_covered": 100.0, "percent_statements_covered_display": "100"}, "missing_lines": [], "excluded_lines": [], "start_line": 187}, "ReplicatorDynamics.step": {"executed_lines": [206, 207, 208, 209, 211, 212, 213, 214, 215], "summary": {"covered_lines": 9, "num_statements": 9, "percent_covered": 100.0, "percent_covered_display": "100", "missing_lines": 0, "excluded_lines": 0, "percent_statements_covered": 100.0, "percent_statements_covered_display": "100"}, "missing_lines": [], "excluded_lines": [], "start_line": 190}, "MoranProcess.__init__": {"executed_lines": [238, 239, 240], "summary": {"covered_lines": 3, "num_statements": 3, "percent_covered": 100.0, "percent_covered_display": "100", "missing_lines": 0, "excluded_lines": 0, "percent_statements_covered": 100.0, "percent_statements_covered_display": "100"}, "missing_lines": [], "excluded_lines": [], "start_line": 232}, "MoranProcess.step": {"executed_lines": [256, 257, 259, 260, 264, 266, 267, 268, 270, 274, 275, 276, 277, 278, 281, 282, 283, 284, 287, 288, 289, 291, 292, 293], "summary": {"covered_lines": 24, "num_statements": 28, "percent_covered": 85.71428571428571, "percent_covered_display": "86", "missing_lines": 4, "excluded_lines": 0, "percent_statements_covered": 85.71428571428571, "percent_statements_covered_display": "86"}, "missing_lines": [261, 262, 271, 294], "excluded_lines": [], "start_line": 242}, "is_ess": {"executed_lines": [317, 318, 319, 321, 322, 323, 325, 327, 329, 331, 333, 334, 335, 338, 341, 343], "summary": {"covered_lines": 16, "num_statements": 17, "percent_covered": 94.11764705882354, "percent_covered_display": "94", "missing_lines": 1, "excluded_lines": 0, "percent_statements_covered": 94.11764705882354, "percent_statements_covered_display": "94"}, "missing_lines": [336], "excluded_lines": [], "start_line": 297}, "_detect_convergence": {"executed_lines": [364, 367, 369, 370, 371, 372, 373, 374, 376, 377, 379], "summary": {"covered_lines": 11, "num_statements": 12, "percent_covered": 91.66666666666667, "percent_covered_display": "92", "missing_lines": 1, "excluded_lines": 0, "percent_statements_covered": 91.66666666666667, "percent_statements_covered_display": "92"}, "missing_lines": [365], "excluded_lines": [], "start_line": 346}, "PopulationSimulator.__init__": {"executed_lines": [403, 404, 405, 406], "summary": {"covered_lines": 4, "num_statements": 4, "percent_covered": 100.0, "percent_covered_display": "100", "missing_lines": 0, "excluded_lines": 0, "percent_statements_covered": 100.0, "percent_statements_covered_display": "100"}, "missing_lines": [], "excluded_lines": [], "start_line": 396}, "PopulationSimulator.run": {"executed_lines": [427, 428, 431, 432, 433, 434, 435, 439, 442, 444, 447, 448, 456, 457, 460, 461, 462, 465, 466, 467, 476, 479, 480, 483, 485], "summary": {"covered_lines": 25, "num_statements": 26, "percent_covered": 96.15384615384616, "percent_covered_display": "96", "missing_lines": 1, "excluded_lines": 0, "percent_statements_covered": 96.15384615384616, "percent_statements_covered_display": "96"}, "missing_lines": [437], "excluded_lines": [], "start_line": 408}, "": {"executed_lines": [8, 10, 11, 12, 13, 15, 17, 18, 21, 22, 31, 32, 33, 35, 43, 44, 53, 54, 67, 68, 69, 70, 71, 73, 83, 84, 94, 112, 156, 159, 160, 177, 187, 190, 218, 232, 242, 297, 346, 382, 396, 408], "summary": {"covered_lines": 42, "num_statements": 42, "percent_covered": 100.0, "percent_covered_display": "100", "missing_lines": 0, "excluded_lines": 2, "percent_statements_covered": 100.0, "percent_statements_covered_display": "100"}, "missing_lines": [], "excluded_lines": [175, 176], "start_line": 1}}, "classes": {"PopulationSnapshot": {"executed_lines": [37, 46], "summary": {"covered_lines": 2, "num_statements": 2, "percent_covered": 100.0, "percent_covered_display": "100", "missing_lines": 0, "excluded_lines": 0, "percent_statements_covered": 100.0, "percent_statements_covered_display": "100"}, "missing_lines": [], "excluded_lines": [], "start_line": 22}, "PopulationResult": {"executed_lines": [75, 86, 103, 104, 105, 106], "summary": {"covered_lines": 6, "num_statements": 6, "percent_covered": 100.0, "percent_covered_display": "100", "missing_lines": 0, "excluded_lines": 0, "percent_statements_covered": 100.0, "percent_statements_covered_display": "100"}, "missing_lines": [], "excluded_lines": [], "start_line": 54}, "PopulationDynamics": {"executed_lines": [], "summary": {"covered_lines": 0, "num_statements": 0, "percent_covered": 100.0, "percent_covered_display": "100", "missing_lines": 0, "excluded_lines": 1, "percent_statements_covered": 100.0, "percent_statements_covered_display": "100"}, "missing_lines": [], "excluded_lines": [174], "start_line": 156}, "ReplicatorDynamics": {"executed_lines": [188, 206, 207, 208, 209, 211, 212, 213, 214, 215], "summary": {"covered_lines": 10, "num_statements": 10, "percent_covered": 100.0, "percent_covered_display": "100", "missing_lines": 0, "excluded_lines": 0, "percent_statements_covered": 100.0, "percent_statements_covered_display": "100"}, "missing_lines": [], "excluded_lines": [], "start_line": 177}, "MoranProcess": {"executed_lines": [238, 239, 240, 256, 257, 259, 260, 264, 266, 267, 268, 270, 274, 275, 276, 277, 278, 281, 282, 283, 284, 287, 288, 289, 291, 292, 293], "summary": {"covered_lines": 27, "num_statements": 31, "percent_covered": 87.09677419354838, "percent_covered_display": "87", "missing_lines": 4, "excluded_lines": 0, "percent_statements_covered": 87.09677419354838, "percent_statements_covered_display": "87"}, "missing_lines": [261, 262, 271, 294], "excluded_lines": [], "start_line": 218}, "PopulationSimulator": {"executed_lines": [403, 404, 405, 406, 427, 428, 431, 432, 433, 434, 435, 439, 442, 444, 447, 448, 456, 457, 460, 461, 462, 465, 466, 467, 476, 479, 480, 483, 485], "summary": {"covered_lines": 29, "num_statements": 30, "percent_covered": 96.66666666666667, "percent_covered_display": "97", "missing_lines": 1, "excluded_lines": 0, "percent_statements_covered": 96.66666666666667, "percent_statements_covered_display": "97"}, "missing_lines": [437], "excluded_lines": [], "start_line": 382}, "": {"executed_lines": [8, 10, 11, 12, 13, 15, 17, 18, 21, 22, 31, 32, 33, 35, 43, 44, 53, 54, 67, 68, 69, 70, 71, 73, 83, 84, 94, 112, 128, 129, 130, 132, 133, 134, 135, 136, 138, 139, 141, 142, 143, 144, 145, 146, 147, 148, 150, 151, 153, 156, 159, 160, 177, 187, 190, 218, 232, 242, 297, 317, 318, 319, 321, 322, 323, 325, 327, 329, 331, 333, 334, 335, 338, 341, 343, 346, 364, 367, 369, 370, 371, 372, 373, 374, 376, 377, 379, 382, 396, 408], "summary": {"covered_lines": 90, "num_statements": 92, "percent_covered": 97.82608695652173, "percent_covered_display": "98", "missing_lines": 2, "excluded_lines": 2, "percent_statements_covered": 97.82608695652173, "percent_statements_covered_display": "98"}, "missing_lines": [336, 365], "excluded_lines": [175, 176], "start_line": 1}}}, "game_envs/core/__init__.py": {"executed_lines": [3, 9], "summary": {"covered_lines": 2, "num_statements": 2, "percent_covered": 100.0, "percent_covered_display": "100", "missing_lines": 0, "excluded_lines": 0, "percent_statements_covered": 100.0, "percent_statements_covered_display": "100"}, "missing_lines": [], "excluded_lines": [], "functions": {"": {"executed_lines": [3, 9], "summary": {"covered_lines": 2, "num_statements": 2, "percent_covered": 100.0, "percent_covered_display": "100", "missing_lines": 0, "excluded_lines": 0, "percent_statements_covered": 100.0, "percent_statements_covered_display": "100"}, "missing_lines": [], "excluded_lines": [], "start_line": 1}}, "classes": {"": {"executed_lines": [3, 9], "summary": {"covered_lines": 2, "num_statements": 2, "percent_covered": 100.0, "percent_covered_display": "100", "missing_lines": 0, "excluded_lines": 0, "percent_statements_covered": 100.0, "percent_statements_covered_display": "100"}, "missing_lines": [], "excluded_lines": [], "start_line": 1}}}, "game_envs/core/action.py": {"executed_lines": [3, 5, 6, 7, 10, 13, 14, 18, 19, 23, 24, 28, 29, 34, 37, 38, 39, 40, 42, 43, 45, 46, 47, 49, 50, 52, 53, 55, 56, 58, 60, 61, 64, 67, 73, 74, 75, 76, 77, 79, 80, 81, 82, 83, 84, 86, 87, 88, 90, 91, 93, 94, 95, 96, 98, 99, 101, 103, 107, 120, 125, 126, 127, 128, 130, 131, 132, 133, 134, 135, 136, 137, 138, 139, 140, 141, 142, 143, 144, 145, 146, 147, 148, 149, 150, 151, 152, 154, 155, 156, 157, 158, 159, 161, 163, 164, 165, 167, 168, 169, 171, 172, 173, 176, 177, 178, 179, 180, 181, 183, 184, 185, 186, 187, 188, 189, 191, 192, 193, 194, 195, 196, 197, 198, 199, 201, 202, 204, 206], "summary": {"covered_lines": 129, "num_statements": 135, "percent_covered": 95.55555555555556, "percent_covered_display": "96", "missing_lines": 6, "excluded_lines": 9, "percent_statements_covered": 95.55555555555556, "percent_statements_covered_display": "96"}, "missing_lines": [57, 100, 104, 166, 203, 207], "excluded_lines": [16, 17, 21, 22, 26, 27, 31, 32, 33], "functions": {"ActionSpace.contains": {"executed_lines": [], "summary": {"covered_lines": 0, "num_statements": 0, "percent_covered": 100.0, "percent_covered_display": "100", "missing_lines": 0, "excluded_lines": 1, "percent_statements_covered": 100.0, "percent_statements_covered_display": "100"}, "missing_lines": [], "excluded_lines": [16], "start_line": 14}, "ActionSpace.sample": {"executed_lines": [], "summary": {"covered_lines": 0, "num_statements": 0, "percent_covered": 100.0, "percent_covered_display": "100", "missing_lines": 0, "excluded_lines": 1, "percent_statements_covered": 100.0, "percent_statements_covered_display": "100"}, "missing_lines": [], "excluded_lines": [21], "start_line": 19}, "ActionSpace.to_list": {"executed_lines": [], "summary": {"covered_lines": 0, "num_statements": 0, "percent_covered": 100.0, "percent_covered_display": "100", "missing_lines": 0, "excluded_lines": 1, "percent_statements_covered": 100.0, "percent_statements_covered_display": "100"}, "missing_lines": [], "excluded_lines": [26], "start_line": 24}, "ActionSpace.to_description": {"executed_lines": [], "summary": {"covered_lines": 0, "num_statements": 0, "percent_covered": 100.0, "percent_covered_display": "100", "missing_lines": 0, "excluded_lines": 1, "percent_statements_covered": 100.0, "percent_statements_covered_display": "100"}, "missing_lines": [], "excluded_lines": [31], "start_line": 29}, "DiscreteActionSpace.__init__": {"executed_lines": [38, 39, 40], "summary": {"covered_lines": 3, "num_statements": 3, "percent_covered": 100.0, "percent_covered_display": "100", "missing_lines": 0, "excluded_lines": 0, "percent_statements_covered": 100.0, "percent_statements_covered_display": "100"}, "missing_lines": [], "excluded_lines": [], "start_line": 37}, "DiscreteActionSpace.contains": {"executed_lines": [43], "summary": {"covered_lines": 1, "num_statements": 1, "percent_covered": 100.0, "percent_covered_display": "100", "missing_lines": 0, "excluded_lines": 0, "percent_statements_covered": 100.0, "percent_statements_covered_display": "100"}, "missing_lines": [], "excluded_lines": [], "start_line": 42}, "DiscreteActionSpace.sample": {"executed_lines": [46, 47], "summary": {"covered_lines": 2, "num_statements": 2, "percent_covered": 100.0, "percent_covered_display": "100", "missing_lines": 0, "excluded_lines": 0, "percent_statements_covered": 100.0, "percent_statements_covered_display": "100"}, "missing_lines": [], "excluded_lines": [], "start_line": 45}, "DiscreteActionSpace.to_list": {"executed_lines": [50], "summary": {"covered_lines": 1, "num_statements": 1, "percent_covered": 100.0, "percent_covered_display": "100", "missing_lines": 0, "excluded_lines": 0, "percent_statements_covered": 100.0, "percent_statements_covered_display": "100"}, "missing_lines": [], "excluded_lines": [], "start_line": 49}, "DiscreteActionSpace.to_description": {"executed_lines": [53], "summary": {"covered_lines": 1, "num_statements": 1, "percent_covered": 100.0, "percent_covered_display": "100", "missing_lines": 0, "excluded_lines": 0, "percent_statements_covered": 100.0, "percent_statements_covered_display": "100"}, "missing_lines": [], "excluded_lines": [], "start_line": 52}, "DiscreteActionSpace.__eq__": {"executed_lines": [56, 58], "summary": {"covered_lines": 2, "num_statements": 3, "percent_covered": 66.66666666666667, "percent_covered_display": "67", "missing_lines": 1, "excluded_lines": 0, "percent_statements_covered": 66.66666666666667, "percent_statements_covered_display": "67"}, "missing_lines": [57], "excluded_lines": [], "start_line": 55}, "DiscreteActionSpace.__repr__": {"executed_lines": [61], "summary": {"covered_lines": 1, "num_statements": 1, "percent_covered": 100.0, "percent_covered_display": "100", "missing_lines": 0, "excluded_lines": 0, "percent_statements_covered": 100.0, "percent_statements_covered_display": "100"}, "missing_lines": [], "excluded_lines": [], "start_line": 60}, "ContinuousActionSpace.__init__": {"executed_lines": [73, 74, 75, 76, 77], "summary": {"covered_lines": 5, "num_statements": 5, "percent_covered": 100.0, "percent_covered_display": "100", "missing_lines": 0, "excluded_lines": 0, "percent_statements_covered": 100.0, "percent_statements_covered_display": "100"}, "missing_lines": [], "excluded_lines": [], "start_line": 67}, "ContinuousActionSpace.contains": {"executed_lines": [80, 81, 82, 83, 84], "summary": {"covered_lines": 5, "num_statements": 5, "percent_covered": 100.0, "percent_covered_display": "100", "missing_lines": 0, "excluded_lines": 0, "percent_statements_covered": 100.0, "percent_statements_covered_display": "100"}, "missing_lines": [], "excluded_lines": [], "start_line": 79}, "ContinuousActionSpace.sample": {"executed_lines": [87, 88], "summary": {"covered_lines": 2, "num_statements": 2, "percent_covered": 100.0, "percent_covered_display": "100", "missing_lines": 0, "excluded_lines": 0, "percent_statements_covered": 100.0, "percent_statements_covered_display": "100"}, "missing_lines": [], "excluded_lines": [], "start_line": 86}, "ContinuousActionSpace.to_list": {"executed_lines": [91], "summary": {"covered_lines": 1, "num_statements": 1, "percent_covered": 100.0, "percent_covered_display": "100", "missing_lines": 0, "excluded_lines": 0, "percent_statements_covered": 100.0, "percent_statements_covered_display": "100"}, "missing_lines": [], "excluded_lines": [], "start_line": 90}, "ContinuousActionSpace.to_description": {"executed_lines": [94, 95, 96], "summary": {"covered_lines": 3, "num_statements": 3, "percent_covered": 100.0, "percent_covered_display": "100", "missing_lines": 0, "excluded_lines": 0, "percent_statements_covered": 100.0, "percent_statements_covered_display": "100"}, "missing_lines": [], "excluded_lines": [], "start_line": 93}, "ContinuousActionSpace.__eq__": {"executed_lines": [99, 101], "summary": {"covered_lines": 2, "num_statements": 3, "percent_covered": 66.66666666666667, "percent_covered_display": "67", "missing_lines": 1, "excluded_lines": 0, "percent_statements_covered": 66.66666666666667, "percent_statements_covered_display": "67"}, "missing_lines": [100], "excluded_lines": [], "start_line": 98}, "ContinuousActionSpace.__repr__": {"executed_lines": [], "summary": {"covered_lines": 0, "num_statements": 1, "percent_covered": 0.0, "percent_covered_display": "0", "missing_lines": 1, "excluded_lines": 0, "percent_statements_covered": 0.0, "percent_statements_covered_display": "0"}, "missing_lines": [104], "excluded_lines": [], "start_line": 103}, "StructuredActionSpace.__init__": {"executed_lines": [125, 126, 127, 128], "summary": {"covered_lines": 4, "num_statements": 4, "percent_covered": 100.0, "percent_covered_display": "100", "missing_lines": 0, "excluded_lines": 0, "percent_statements_covered": 100.0, "percent_statements_covered_display": "100"}, "missing_lines": [], "excluded_lines": [], "start_line": 120}, "StructuredActionSpace.contains": {"executed_lines": [131, 132, 133, 134, 135, 136, 137, 138, 139, 140, 141, 142, 143, 144, 145, 146, 147, 148, 149, 150, 151, 152], "summary": {"covered_lines": 22, "num_statements": 22, "percent_covered": 100.0, "percent_covered_display": "100", "missing_lines": 0, "excluded_lines": 0, "percent_statements_covered": 100.0, "percent_statements_covered_display": "100"}, "missing_lines": [], "excluded_lines": [], "start_line": 130}, "StructuredActionSpace.sample": {"executed_lines": [155, 156, 157, 158, 159, 161, 163, 164, 165, 167, 168, 169, 171, 172, 173, 176, 177, 178, 179, 180, 181], "summary": {"covered_lines": 21, "num_statements": 22, "percent_covered": 95.45454545454545, "percent_covered_display": "95", "missing_lines": 1, "excluded_lines": 0, "percent_statements_covered": 95.45454545454545, "percent_statements_covered_display": "95"}, "missing_lines": [166], "excluded_lines": [], "start_line": 154}, "StructuredActionSpace.to_list": {"executed_lines": [184, 185, 186, 187, 188, 189], "summary": {"covered_lines": 6, "num_statements": 6, "percent_covered": 100.0, "percent_covered_display": "100", "missing_lines": 0, "excluded_lines": 0, "percent_statements_covered": 100.0, "percent_statements_covered_display": "100"}, "missing_lines": [], "excluded_lines": [], "start_line": 183}, "StructuredActionSpace.to_description": {"executed_lines": [192, 193, 194, 195, 196, 197, 198, 199], "summary": {"covered_lines": 8, "num_statements": 8, "percent_covered": 100.0, "percent_covered_display": "100", "missing_lines": 0, "excluded_lines": 0, "percent_statements_covered": 100.0, "percent_statements_covered_display": "100"}, "missing_lines": [], "excluded_lines": [], "start_line": 191}, "StructuredActionSpace.__eq__": {"executed_lines": [202, 204], "summary": {"covered_lines": 2, "num_statements": 3, "percent_covered": 66.66666666666667, "percent_covered_display": "67", "missing_lines": 1, "excluded_lines": 0, "percent_statements_covered": 66.66666666666667, "percent_statements_covered_display": "67"}, "missing_lines": [203], "excluded_lines": [], "start_line": 201}, "StructuredActionSpace.__repr__": {"executed_lines": [], "summary": {"covered_lines": 0, "num_statements": 1, "percent_covered": 0.0, "percent_covered_display": "0", "missing_lines": 1, "excluded_lines": 0, "percent_statements_covered": 0.0, "percent_statements_covered_display": "0"}, "missing_lines": [207], "excluded_lines": [], "start_line": 206}, "": {"executed_lines": [3, 5, 6, 7, 10, 13, 14, 18, 19, 23, 24, 28, 29, 34, 37, 42, 45, 49, 52, 55, 60, 64, 67, 79, 86, 90, 93, 98, 103, 107, 120, 130, 154, 183, 191, 201, 206], "summary": {"covered_lines": 37, "num_statements": 37, "percent_covered": 100.0, "percent_covered_display": "100", "missing_lines": 0, "excluded_lines": 5, "percent_statements_covered": 100.0, "percent_statements_covered_display": "100"}, "missing_lines": [], "excluded_lines": [17, 22, 27, 32, 33], "start_line": 1}}, "classes": {"ActionSpace": {"executed_lines": [], "summary": {"covered_lines": 0, "num_statements": 0, "percent_covered": 100.0, "percent_covered_display": "100", "missing_lines": 0, "excluded_lines": 4, "percent_statements_covered": 100.0, "percent_statements_covered_display": "100"}, "missing_lines": [], "excluded_lines": [16, 21, 26, 31], "start_line": 10}, "DiscreteActionSpace": {"executed_lines": [38, 39, 40, 43, 46, 47, 50, 53, 56, 58, 61], "summary": {"covered_lines": 11, "num_statements": 12, "percent_covered": 91.66666666666667, "percent_covered_display": "92", "missing_lines": 1, "excluded_lines": 0, "percent_statements_covered": 91.66666666666667, "percent_statements_covered_display": "92"}, "missing_lines": [57], "excluded_lines": [], "start_line": 34}, "ContinuousActionSpace": {"executed_lines": [73, 74, 75, 76, 77, 80, 81, 82, 83, 84, 87, 88, 91, 94, 95, 96, 99, 101], "summary": {"covered_lines": 18, "num_statements": 20, "percent_covered": 90.0, "percent_covered_display": "90", "missing_lines": 2, "excluded_lines": 0, "percent_statements_covered": 90.0, "percent_statements_covered_display": "90"}, "missing_lines": [100, 104], "excluded_lines": [], "start_line": 64}, "StructuredActionSpace": {"executed_lines": [125, 126, 127, 128, 131, 132, 133, 134, 135, 136, 137, 138, 139, 140, 141, 142, 143, 144, 145, 146, 147, 148, 149, 150, 151, 152, 155, 156, 157, 158, 159, 161, 163, 164, 165, 167, 168, 169, 171, 172, 173, 176, 177, 178, 179, 180, 181, 184, 185, 186, 187, 188, 189, 192, 193, 194, 195, 196, 197, 198, 199, 202, 204], "summary": {"covered_lines": 63, "num_statements": 66, "percent_covered": 95.45454545454545, "percent_covered_display": "95", "missing_lines": 3, "excluded_lines": 0, "percent_statements_covered": 95.45454545454545, "percent_statements_covered_display": "95"}, "missing_lines": [166, 203, 207], "excluded_lines": [], "start_line": 107}, "": {"executed_lines": [3, 5, 6, 7, 10, 13, 14, 18, 19, 23, 24, 28, 29, 34, 37, 42, 45, 49, 52, 55, 60, 64, 67, 79, 86, 90, 93, 98, 103, 107, 120, 130, 154, 183, 191, 201, 206], "summary": {"covered_lines": 37, "num_statements": 37, "percent_covered": 100.0, "percent_covered_display": "100", "missing_lines": 0, "excluded_lines": 5, "percent_statements_covered": 100.0, "percent_statements_covered_display": "100"}, "missing_lines": [], "excluded_lines": [17, 22, 27, 32, 33], "start_line": 1}}}, "game_envs/core/communication.py": {"executed_lines": [3, 5, 6, 7, 9, 12, 15, 16, 17, 18, 21, 34, 39, 40, 41, 42, 44, 45, 47, 49, 55, 56, 57, 58, 59, 60, 62, 64, 70, 72, 73, 74, 75, 77, 79, 81, 83, 85, 86, 87, 88, 89, 90, 91, 92, 95, 116, 117, 121, 122, 125, 130, 131, 132, 133, 135, 150, 151, 152, 153, 155, 157, 158, 159, 160, 162, 164, 165, 167, 169, 178, 179, 181, 185, 186, 187, 188, 191, 192, 210, 211, 212, 213, 215, 227, 228, 232, 234, 235, 237, 239, 241, 248, 249, 251], "summary": {"covered_lines": 95, "num_statements": 97, "percent_covered": 97.9381443298969, "percent_covered_display": "98", "missing_lines": 2, "excluded_lines": 0, "percent_statements_covered": 97.9381443298969, "percent_statements_covered_display": "98"}, "missing_lines": [71, 93], "excluded_lines": [], "functions": {"CommunicationChannel.__init__": {"executed_lines": [39, 40, 41, 42], "summary": {"covered_lines": 4, "num_statements": 4, "percent_covered": 100.0, "percent_covered_display": "100", "missing_lines": 0, "excluded_lines": 0, "percent_statements_covered": 100.0, "percent_statements_covered_display": "100"}, "missing_lines": [], "excluded_lines": [], "start_line": 34}, "CommunicationChannel.phase": {"executed_lines": [47], "summary": {"covered_lines": 1, "num_statements": 1, "percent_covered": 100.0, "percent_covered_display": "100", "missing_lines": 0, "excluded_lines": 0, "percent_statements_covered": 100.0, "percent_statements_covered_display": "100"}, "missing_lines": [], "excluded_lines": [], "start_line": 45}, "CommunicationChannel.begin_round": {"executed_lines": [55, 56, 57, 58, 59, 60, 62], "summary": {"covered_lines": 7, "num_statements": 7, "percent_covered": 100.0, "percent_covered_display": "100", "missing_lines": 0, "excluded_lines": 0, "percent_statements_covered": 100.0, "percent_statements_covered_display": "100"}, "missing_lines": [], "excluded_lines": [], "start_line": 49}, "CommunicationChannel.end_actions": {"executed_lines": [70, 72, 73, 74, 75, 77], "summary": {"covered_lines": 6, "num_statements": 7, "percent_covered": 85.71428571428571, "percent_covered_display": "86", "missing_lines": 1, "excluded_lines": 0, "percent_statements_covered": 85.71428571428571, "percent_statements_covered_display": "86"}, "missing_lines": [71], "excluded_lines": [], "start_line": 64}, "CommunicationChannel.end_round": {"executed_lines": [81], "summary": {"covered_lines": 1, "num_statements": 1, "percent_covered": 100.0, "percent_covered_display": "100", "missing_lines": 0, "excluded_lines": 0, "percent_statements_covered": 100.0, "percent_statements_covered_display": "100"}, "missing_lines": [], "excluded_lines": [], "start_line": 79}, "CommunicationChannel.can_send": {"executed_lines": [85, 86, 87, 88, 89, 90, 91, 92], "summary": {"covered_lines": 8, "num_statements": 9, "percent_covered": 88.88888888888889, "percent_covered_display": "89", "missing_lines": 1, "excluded_lines": 0, "percent_statements_covered": 88.88888888888889, "percent_statements_covered_display": "89"}, "missing_lines": [93], "excluded_lines": [], "start_line": 83}, "CommunicationChannel.send_message": {"executed_lines": [116, 117, 121, 122, 125, 130, 131, 132, 133], "summary": {"covered_lines": 9, "num_statements": 9, "percent_covered": 100.0, "percent_covered_display": "100", "missing_lines": 0, "excluded_lines": 0, "percent_statements_covered": 100.0, "percent_statements_covered_display": "100"}, "missing_lines": [], "excluded_lines": [], "start_line": 95}, "CommunicationChannel.get_messages": {"executed_lines": [150, 151, 152, 153], "summary": {"covered_lines": 4, "num_statements": 4, "percent_covered": 100.0, "percent_covered_display": "100", "missing_lines": 0, "excluded_lines": 0, "percent_statements_covered": 100.0, "percent_statements_covered_display": "100"}, "missing_lines": [], "excluded_lines": [], "start_line": 135}, "CommunicationChannel.get_all_messages": {"executed_lines": [157, 158, 159, 160], "summary": {"covered_lines": 4, "num_statements": 4, "percent_covered": 100.0, "percent_covered_display": "100", "missing_lines": 0, "excluded_lines": 0, "percent_statements_covered": 100.0, "percent_statements_covered_display": "100"}, "missing_lines": [], "excluded_lines": [], "start_line": 155}, "CommunicationChannel.clear": {"executed_lines": [164, 165], "summary": {"covered_lines": 2, "num_statements": 2, "percent_covered": 100.0, "percent_covered_display": "100", "missing_lines": 0, "excluded_lines": 0, "percent_statements_covered": 100.0, "percent_statements_covered_display": "100"}, "missing_lines": [], "excluded_lines": [], "start_line": 162}, "CommunicationChannel.to_dict": {"executed_lines": [169], "summary": {"covered_lines": 1, "num_statements": 1, "percent_covered": 100.0, "percent_covered_display": "100", "missing_lines": 0, "excluded_lines": 0, "percent_statements_covered": 100.0, "percent_statements_covered_display": "100"}, "missing_lines": [], "excluded_lines": [], "start_line": 167}, "CommunicationChannel.from_dict": {"executed_lines": [181, 185, 186, 187, 188], "summary": {"covered_lines": 5, "num_statements": 5, "percent_covered": 100.0, "percent_covered_display": "100", "missing_lines": 0, "excluded_lines": 0, "percent_statements_covered": 100.0, "percent_statements_covered_display": "100"}, "missing_lines": [], "excluded_lines": [], "start_line": 179}, "InformationSet.filter_state": {"executed_lines": [227, 228, 232, 234, 235, 237], "summary": {"covered_lines": 6, "num_statements": 6, "percent_covered": 100.0, "percent_covered_display": "100", "missing_lines": 0, "excluded_lines": 0, "percent_statements_covered": 100.0, "percent_statements_covered_display": "100"}, "missing_lines": [], "excluded_lines": [], "start_line": 215}, "InformationSet.to_dict": {"executed_lines": [241], "summary": {"covered_lines": 1, "num_statements": 1, "percent_covered": 100.0, "percent_covered_display": "100", "missing_lines": 0, "excluded_lines": 0, "percent_statements_covered": 100.0, "percent_statements_covered_display": "100"}, "missing_lines": [], "excluded_lines": [], "start_line": 239}, "InformationSet.from_dict": {"executed_lines": [251], "summary": {"covered_lines": 1, "num_statements": 1, "percent_covered": 100.0, "percent_covered_display": "100", "missing_lines": 0, "excluded_lines": 0, "percent_statements_covered": 100.0, "percent_statements_covered_display": "100"}, "missing_lines": [], "excluded_lines": [], "start_line": 249}, "": {"executed_lines": [3, 5, 6, 7, 9, 12, 15, 16, 17, 18, 21, 34, 44, 45, 49, 64, 79, 83, 95, 135, 155, 162, 167, 178, 179, 191, 192, 210, 211, 212, 213, 215, 239, 248, 249], "summary": {"covered_lines": 35, "num_statements": 35, "percent_covered": 100.0, "percent_covered_display": "100", "missing_lines": 0, "excluded_lines": 0, "percent_statements_covered": 100.0, "percent_statements_covered_display": "100"}, "missing_lines": [], "excluded_lines": [], "start_line": 1}}, "classes": {"CommunicationMode": {"executed_lines": [], "summary": {"covered_lines": 0, "num_statements": 0, "percent_covered": 100.0, "percent_covered_display": "100", "missing_lines": 0, "excluded_lines": 0, "percent_statements_covered": 100.0, "percent_statements_covered_display": "100"}, "missing_lines": [], "excluded_lines": [], "start_line": 12}, "CommunicationChannel": {"executed_lines": [39, 40, 41, 42, 47, 55, 56, 57, 58, 59, 60, 62, 70, 72, 73, 74, 75, 77, 81, 85, 86, 87, 88, 89, 90, 91, 92, 116, 117, 121, 122, 125, 130, 131, 132, 133, 150, 151, 152, 153, 157, 158, 159, 160, 164, 165, 169, 181, 185, 186, 187, 188], "summary": {"covered_lines": 52, "num_statements": 54, "percent_covered": 96.29629629629629, "percent_covered_display": "96", "missing_lines": 2, "excluded_lines": 0, "percent_statements_covered": 96.29629629629629, "percent_statements_covered_display": "96"}, "missing_lines": [71, 93], "excluded_lines": [], "start_line": 21}, "InformationSet": {"executed_lines": [227, 228, 232, 234, 235, 237, 241, 251], "summary": {"covered_lines": 8, "num_statements": 8, "percent_covered": 100.0, "percent_covered_display": "100", "missing_lines": 0, "excluded_lines": 0, "percent_statements_covered": 100.0, "percent_statements_covered_display": "100"}, "missing_lines": [], "excluded_lines": [], "start_line": 192}, "": {"executed_lines": [3, 5, 6, 7, 9, 12, 15, 16, 17, 18, 21, 34, 44, 45, 49, 64, 79, 83, 95, 135, 155, 162, 167, 178, 179, 191, 192, 210, 211, 212, 213, 215, 239, 248, 249], "summary": {"covered_lines": 35, "num_statements": 35, "percent_covered": 100.0, "percent_covered_display": "100", "missing_lines": 0, "excluded_lines": 0, "percent_statements_covered": 100.0, "percent_statements_covered_display": "100"}, "missing_lines": [], "excluded_lines": [], "start_line": 1}}}, "game_envs/core/game.py": {"executed_lines": [3, 5, 6, 7, 8, 9, 11, 12, 16, 17, 20, 23, 24, 25, 26, 29, 32, 33, 36, 37, 54, 55, 56, 57, 58, 59, 60, 62, 63, 64, 65, 66, 67, 68, 71, 72, 74, 78, 85, 104, 105, 106, 107, 108, 109, 111, 112, 113, 117, 118, 119, 123, 124, 125, 129, 130, 131, 135, 136, 137, 141, 142, 146, 147, 155, 156, 168, 169, 173, 174, 175, 179, 185, 186, 196, 197, 199, 201, 220, 221, 225, 231, 240, 241, 242, 247, 248, 250, 252, 253, 255], "summary": {"covered_lines": 91, "num_statements": 91, "percent_covered": 100.0, "percent_covered_display": "100", "missing_lines": 0, "excluded_lines": 18, "percent_statements_covered": 100.0, "percent_statements_covered_display": "100"}, "missing_lines": [], "excluded_lines": [121, 122, 127, 128, 133, 134, 139, 140, 144, 145, 153, 154, 166, 167, 171, 172, 177, 178], "functions": {"GameConfig.__post_init__": {"executed_lines": [63, 64, 65, 66, 67, 68, 71, 72, 74, 78], "summary": {"covered_lines": 10, "num_statements": 10, "percent_covered": 100.0, "percent_covered_display": "100", "missing_lines": 0, "excluded_lines": 0, "percent_statements_covered": 100.0, "percent_statements_covered_display": "100"}, "missing_lines": [], "excluded_lines": [], "start_line": 62}, "Game.__init__": {"executed_lines": [105, 106, 107, 108, 109, 111, 112, 113], "summary": {"covered_lines": 8, "num_statements": 8, "percent_covered": 100.0, "percent_covered_display": "100", "missing_lines": 0, "excluded_lines": 0, "percent_statements_covered": 100.0, "percent_statements_covered_display": "100"}, "missing_lines": [], "excluded_lines": [], "start_line": 104}, "Game.name": {"executed_lines": [], "summary": {"covered_lines": 0, "num_statements": 0, "percent_covered": 100.0, "percent_covered_display": "100", "missing_lines": 0, "excluded_lines": 1, "percent_statements_covered": 100.0, "percent_statements_covered_display": "100"}, "missing_lines": [], "excluded_lines": [121], "start_line": 119}, "Game.game_type": {"executed_lines": [], "summary": {"covered_lines": 0, "num_statements": 0, "percent_covered": 100.0, "percent_covered_display": "100", "missing_lines": 0, "excluded_lines": 1, "percent_statements_covered": 100.0, "percent_statements_covered_display": "100"}, "missing_lines": [], "excluded_lines": [127], "start_line": 125}, "Game.move_order": {"executed_lines": [], "summary": {"covered_lines": 0, "num_statements": 0, "percent_covered": 100.0, "percent_covered_display": "100", "missing_lines": 0, "excluded_lines": 1, "percent_statements_covered": 100.0, "percent_statements_covered_display": "100"}, "missing_lines": [], "excluded_lines": [133], "start_line": 131}, "Game.player_ids": {"executed_lines": [], "summary": {"covered_lines": 0, "num_statements": 0, "percent_covered": 100.0, "percent_covered_display": "100", "missing_lines": 0, "excluded_lines": 1, "percent_statements_covered": 100.0, "percent_statements_covered_display": "100"}, "missing_lines": [], "excluded_lines": [139], "start_line": 137}, "Game.action_space": {"executed_lines": [], "summary": {"covered_lines": 0, "num_statements": 0, "percent_covered": 100.0, "percent_covered_display": "100", "missing_lines": 0, "excluded_lines": 1, "percent_statements_covered": 100.0, "percent_statements_covered_display": "100"}, "missing_lines": [], "excluded_lines": [144], "start_line": 142}, "Game.reset": {"executed_lines": [], "summary": {"covered_lines": 0, "num_statements": 0, "percent_covered": 100.0, "percent_covered_display": "100", "missing_lines": 0, "excluded_lines": 1, "percent_statements_covered": 100.0, "percent_statements_covered_display": "100"}, "missing_lines": [], "excluded_lines": [153], "start_line": 147}, "Game.step": {"executed_lines": [], "summary": {"covered_lines": 0, "num_statements": 0, "percent_covered": 100.0, "percent_covered_display": "100", "missing_lines": 0, "excluded_lines": 1, "percent_statements_covered": 100.0, "percent_statements_covered_display": "100"}, "missing_lines": [], "excluded_lines": [166], "start_line": 156}, "Game.get_payoffs": {"executed_lines": [], "summary": {"covered_lines": 0, "num_statements": 0, "percent_covered": 100.0, "percent_covered_display": "100", "missing_lines": 0, "excluded_lines": 1, "percent_statements_covered": 100.0, "percent_statements_covered_display": "100"}, "missing_lines": [], "excluded_lines": [171], "start_line": 169}, "Game.is_terminal": {"executed_lines": [], "summary": {"covered_lines": 0, "num_statements": 0, "percent_covered": 100.0, "percent_covered_display": "100", "missing_lines": 0, "excluded_lines": 1, "percent_statements_covered": 100.0, "percent_statements_covered_display": "100"}, "missing_lines": [], "excluded_lines": [177], "start_line": 175}, "Game.observe": {"executed_lines": [185, 186], "summary": {"covered_lines": 2, "num_statements": 2, "percent_covered": 100.0, "percent_covered_display": "100", "missing_lines": 0, "excluded_lines": 0, "percent_statements_covered": 100.0, "percent_statements_covered_display": "100"}, "missing_lines": [], "excluded_lines": [], "start_line": 179}, "Game.channel": {"executed_lines": [199], "summary": {"covered_lines": 1, "num_statements": 1, "percent_covered": 100.0, "percent_covered_display": "100", "missing_lines": 0, "excluded_lines": 0, "percent_statements_covered": 100.0, "percent_statements_covered_display": "100"}, "missing_lines": [], "excluded_lines": [], "start_line": 197}, "Game.send_message": {"executed_lines": [220, 221, 225], "summary": {"covered_lines": 3, "num_statements": 3, "percent_covered": 100.0, "percent_covered_display": "100", "missing_lines": 0, "excluded_lines": 0, "percent_statements_covered": 100.0, "percent_statements_covered_display": "100"}, "missing_lines": [], "excluded_lines": [], "start_line": 201}, "Game._get_pending_messages": {"executed_lines": [240, 241, 242], "summary": {"covered_lines": 3, "num_statements": 3, "percent_covered": 100.0, "percent_covered_display": "100", "missing_lines": 0, "excluded_lines": 0, "percent_statements_covered": 100.0, "percent_statements_covered_display": "100"}, "missing_lines": [], "excluded_lines": [], "start_line": 231}, "Game.history": {"executed_lines": [250], "summary": {"covered_lines": 1, "num_statements": 1, "percent_covered": 100.0, "percent_covered_display": "100", "missing_lines": 0, "excluded_lines": 0, "percent_statements_covered": 100.0, "percent_statements_covered_display": "100"}, "missing_lines": [], "excluded_lines": [], "start_line": 248}, "Game.current_round": {"executed_lines": [255], "summary": {"covered_lines": 1, "num_statements": 1, "percent_covered": 100.0, "percent_covered_display": "100", "missing_lines": 0, "excluded_lines": 0, "percent_statements_covered": 100.0, "percent_statements_covered_display": "100"}, "missing_lines": [], "excluded_lines": [], "start_line": 253}, "": {"executed_lines": [3, 5, 6, 7, 8, 9, 11, 12, 16, 17, 20, 23, 24, 25, 26, 29, 32, 33, 36, 37, 54, 55, 56, 57, 58, 59, 60, 62, 85, 104, 117, 118, 119, 123, 124, 125, 129, 130, 131, 135, 136, 137, 141, 142, 146, 147, 155, 156, 168, 169, 173, 174, 175, 179, 196, 197, 201, 231, 247, 248, 252, 253], "summary": {"covered_lines": 62, "num_statements": 62, "percent_covered": 100.0, "percent_covered_display": "100", "missing_lines": 0, "excluded_lines": 9, "percent_statements_covered": 100.0, "percent_statements_covered_display": "100"}, "missing_lines": [], "excluded_lines": [122, 128, 134, 140, 145, 154, 167, 172, 178], "start_line": 1}}, "classes": {"GameType": {"executed_lines": [], "summary": {"covered_lines": 0, "num_statements": 0, "percent_covered": 100.0, "percent_covered_display": "100", "missing_lines": 0, "excluded_lines": 0, "percent_statements_covered": 100.0, "percent_statements_covered_display": "100"}, "missing_lines": [], "excluded_lines": [], "start_line": 20}, "MoveOrder": {"executed_lines": [], "summary": {"covered_lines": 0, "num_statements": 0, "percent_covered": 100.0, "percent_covered_display": "100", "missing_lines": 0, "excluded_lines": 0, "percent_statements_covered": 100.0, "percent_statements_covered_display": "100"}, "missing_lines": [], "excluded_lines": [], "start_line": 29}, "GameConfig": {"executed_lines": [63, 64, 65, 66, 67, 68, 71, 72, 74, 78], "summary": {"covered_lines": 10, "num_statements": 10, "percent_covered": 100.0, "percent_covered_display": "100", "missing_lines": 0, "excluded_lines": 0, "percent_statements_covered": 100.0, "percent_statements_covered_display": "100"}, "missing_lines": [], "excluded_lines": [], "start_line": 37}, "Game": {"executed_lines": [105, 106, 107, 108, 109, 111, 112, 113, 185, 186, 199, 220, 221, 225, 240, 241, 242, 250, 255], "summary": {"covered_lines": 19, "num_statements": 19, "percent_covered": 100.0, "percent_covered_display": "100", "missing_lines": 0, "excluded_lines": 9, "percent_statements_covered": 100.0, "percent_statements_covered_display": "100"}, "missing_lines": [], "excluded_lines": [121, 127, 133, 139, 144, 153, 166, 171, 177], "start_line": 85}, "": {"executed_lines": [3, 5, 6, 7, 8, 9, 11, 12, 16, 17, 20, 23, 24, 25, 26, 29, 32, 33, 36, 37, 54, 55, 56, 57, 58, 59, 60, 62, 85, 104, 117, 118, 119, 123, 124, 125, 129, 130, 131, 135, 136, 137, 141, 142, 146, 147, 155, 156, 168, 169, 173, 174, 175, 179, 196, 197, 201, 231, 247, 248, 252, 253], "summary": {"covered_lines": 62, "num_statements": 62, "percent_covered": 100.0, "percent_covered_display": "100", "missing_lines": 0, "excluded_lines": 9, "percent_statements_covered": 100.0, "percent_statements_covered_display": "100"}, "missing_lines": [], "excluded_lines": [122, 128, 134, 140, 145, 154, 167, 172, 178], "start_line": 1}}}, "game_envs/core/history.py": {"executed_lines": [3, 5, 7, 10, 17, 18, 20, 21, 23, 25, 26, 28, 30, 32, 48, 49, 51, 52, 53, 54, 55, 60, 68, 70, 72, 74, 76, 78, 80, 82, 84, 86, 88, 92, 93, 95, 96, 97, 98, 100, 101], "summary": {"covered_lines": 41, "num_statements": 41, "percent_covered": 100.0, "percent_covered_display": "100", "missing_lines": 0, "excluded_lines": 0, "percent_statements_covered": 100.0, "percent_statements_covered_display": "100"}, "missing_lines": [], "excluded_lines": [], "functions": {"GameHistory.__init__": {"executed_lines": [18], "summary": {"covered_lines": 1, "num_statements": 1, "percent_covered": 100.0, "percent_covered_display": "100", "missing_lines": 0, "excluded_lines": 0, "percent_statements_covered": 100.0, "percent_statements_covered_display": "100"}, "missing_lines": [], "excluded_lines": [], "start_line": 17}, "GameHistory.rounds": {"executed_lines": [23], "summary": {"covered_lines": 1, "num_statements": 1, "percent_covered": 100.0, "percent_covered_display": "100", "missing_lines": 0, "excluded_lines": 0, "percent_statements_covered": 100.0, "percent_statements_covered_display": "100"}, "missing_lines": [], "excluded_lines": [], "start_line": 21}, "GameHistory.__len__": {"executed_lines": [26], "summary": {"covered_lines": 1, "num_statements": 1, "percent_covered": 100.0, "percent_covered_display": "100", "missing_lines": 0, "excluded_lines": 0, "percent_statements_covered": 100.0, "percent_statements_covered_display": "100"}, "missing_lines": [], "excluded_lines": [], "start_line": 25}, "GameHistory.add_round": {"executed_lines": [30], "summary": {"covered_lines": 1, "num_statements": 1, "percent_covered": 100.0, "percent_covered_display": "100", "missing_lines": 0, "excluded_lines": 0, "percent_statements_covered": 100.0, "percent_statements_covered_display": "100"}, "missing_lines": [], "excluded_lines": [], "start_line": 28}, "GameHistory.for_player": {"executed_lines": [48, 49, 51, 52, 53, 54, 55, 60, 68], "summary": {"covered_lines": 9, "num_statements": 9, "percent_covered": 100.0, "percent_covered_display": "100", "missing_lines": 0, "excluded_lines": 0, "percent_statements_covered": 100.0, "percent_statements_covered_display": "100"}, "missing_lines": [], "excluded_lines": [], "start_line": 32}, "GameHistory.get_player_actions": {"executed_lines": [72], "summary": {"covered_lines": 1, "num_statements": 1, "percent_covered": 100.0, "percent_covered_display": "100", "missing_lines": 0, "excluded_lines": 0, "percent_statements_covered": 100.0, "percent_statements_covered_display": "100"}, "missing_lines": [], "excluded_lines": [], "start_line": 70}, "GameHistory.get_player_payoffs": {"executed_lines": [76], "summary": {"covered_lines": 1, "num_statements": 1, "percent_covered": 100.0, "percent_covered_display": "100", "missing_lines": 0, "excluded_lines": 0, "percent_statements_covered": 100.0, "percent_statements_covered_display": "100"}, "missing_lines": [], "excluded_lines": [], "start_line": 74}, "GameHistory.total_payoff": {"executed_lines": [80], "summary": {"covered_lines": 1, "num_statements": 1, "percent_covered": 100.0, "percent_covered_display": "100", "missing_lines": 0, "excluded_lines": 0, "percent_statements_covered": 100.0, "percent_statements_covered_display": "100"}, "missing_lines": [], "excluded_lines": [], "start_line": 78}, "GameHistory.clear": {"executed_lines": [84], "summary": {"covered_lines": 1, "num_statements": 1, "percent_covered": 100.0, "percent_covered_display": "100", "missing_lines": 0, "excluded_lines": 0, "percent_statements_covered": 100.0, "percent_statements_covered_display": "100"}, "missing_lines": [], "excluded_lines": [], "start_line": 82}, "GameHistory.to_dict": {"executed_lines": [88], "summary": {"covered_lines": 1, "num_statements": 1, "percent_covered": 100.0, "percent_covered_display": "100", "missing_lines": 0, "excluded_lines": 0, "percent_statements_covered": 100.0, "percent_statements_covered_display": "100"}, "missing_lines": [], "excluded_lines": [], "start_line": 86}, "GameHistory.from_dict": {"executed_lines": [95, 96, 97, 98], "summary": {"covered_lines": 4, "num_statements": 4, "percent_covered": 100.0, "percent_covered_display": "100", "missing_lines": 0, "excluded_lines": 0, "percent_statements_covered": 100.0, "percent_statements_covered_display": "100"}, "missing_lines": [], "excluded_lines": [], "start_line": 93}, "GameHistory.__repr__": {"executed_lines": [101], "summary": {"covered_lines": 1, "num_statements": 1, "percent_covered": 100.0, "percent_covered_display": "100", "missing_lines": 0, "excluded_lines": 0, "percent_statements_covered": 100.0, "percent_statements_covered_display": "100"}, "missing_lines": [], "excluded_lines": [], "start_line": 100}, "": {"executed_lines": [3, 5, 7, 10, 17, 20, 21, 25, 28, 32, 70, 74, 78, 82, 86, 92, 93, 100], "summary": {"covered_lines": 18, "num_statements": 18, "percent_covered": 100.0, "percent_covered_display": "100", "missing_lines": 0, "excluded_lines": 0, "percent_statements_covered": 100.0, "percent_statements_covered_display": "100"}, "missing_lines": [], "excluded_lines": [], "start_line": 1}}, "classes": {"GameHistory": {"executed_lines": [18, 23, 26, 30, 48, 49, 51, 52, 53, 54, 55, 60, 68, 72, 76, 80, 84, 88, 95, 96, 97, 98, 101], "summary": {"covered_lines": 23, "num_statements": 23, "percent_covered": 100.0, "percent_covered_display": "100", "missing_lines": 0, "excluded_lines": 0, "percent_statements_covered": 100.0, "percent_statements_covered_display": "100"}, "missing_lines": [], "excluded_lines": [], "start_line": 10}, "": {"executed_lines": [3, 5, 7, 10, 17, 20, 21, 25, 28, 32, 70, 74, 78, 82, 86, 92, 93, 100], "summary": {"covered_lines": 18, "num_statements": 18, "percent_covered": 100.0, "percent_covered_display": "100", "missing_lines": 0, "excluded_lines": 0, "percent_statements_covered": 100.0, "percent_statements_covered_display": "100"}, "missing_lines": [], "excluded_lines": [], "start_line": 1}}}, "game_envs/core/state.py": {"executed_lines": [3, 5, 6, 7, 10, 11, 21, 22, 23, 24, 26, 27, 34, 35, 36, 44, 45, 48, 49, 50, 51, 53, 54, 61, 62, 63, 71, 72, 75, 76, 77, 78, 80, 81, 88, 89, 90, 98, 99, 102, 103, 104, 105, 106, 107, 108, 110, 112, 118, 119, 121, 122, 123, 124, 126, 127, 128, 129, 130, 131, 132, 138, 139, 140, 141, 142, 144, 146, 148, 158, 159, 160, 171, 172, 175, 176, 177, 178, 179, 181, 182, 190, 191, 192], "summary": {"covered_lines": 84, "num_statement
[...]
 "EpsilonGreedy": {"executed_lines": [94, 95, 96, 97, 101, 104, 105, 106, 113, 114, 117, 118, 121, 122, 123, 124, 125, 126, 130, 131, 132, 133, 134, 135, 136, 137, 138, 142, 145], "summary": {"covered_lines": 29, "num_statements": 33, "percent_covered": 87.87878787878788, "percent_covered_display": "88", "missing_lines": 4, "excluded_lines": 0, "percent_statements_covered": 87.87878787878788, "percent_statements_covered_display": "88"}, "missing_lines": [107, 108, 110, 140], "excluded_lines": [], "start_line": 76}, "": {"executed_lines": [3, 5, 6, 8, 9, 12, 20, 21, 24, 44, 53, 54, 57, 76, 89, 99, 100, 103, 144], "summary": {"covered_lines": 19, "num_statements": 19, "percent_covered": 100.0, "percent_covered_display": "100", "missing_lines": 0, "excluded_lines": 0, "percent_statements_covered": 100.0, "percent_statements_covered_display": "100"}, "missing_lines": [], "excluded_lines": [], "start_line": 1}}}, "game_envs/strategies/pd_strategies.py": {"executed_lines": [3, 5, 6, 8, 9, 11, 12, 15, 18, 19, 20, 22, 23, 26, 29, 30, 31, 33, 34, 37, 46, 47, 48, 50, 51, 52, 53, 55, 56, 57, 61, 68, 69, 71, 72, 73, 75, 76, 78, 79, 80, 81, 82, 83, 85, 86, 89, 100, 101, 102, 104, 105, 106, 107, 108, 109, 110, 111, 112, 113, 115, 116, 117, 120, 127, 128, 130, 131, 132, 134, 135, 137, 138], "summary": {"covered_lines": 73, "num_statements": 75, "percent_covered": 97.33333333333333, "percent_covered_display": "97", "missing_lines": 2, "excluded_lines": 0, "percent_statements_covered": 97.33333333333333, "percent_statements_covered_display": "97"}, "missing_lines": [58, 77], "excluded_lines": [], "functions": {"AlwaysCooperate.name": {"executed_lines": [20], "summary": {"covered_lines": 1, "num_statements": 1, "percent_covered": 100.0, "percent_covered_display": "100", "missing_lines": 0, "excluded_lines": 0, "percent_statements_covered": 100.0, "percent_statements_covered_display": "100"}, "missing_lines": [], "excluded_lines": [], "start_line": 19}, "AlwaysCooperate.choose_action": {"executed_lines": [23], "summary": {"covered_lines": 1, "num_statements": 1, "percent_covered": 100.0, "percent_covered_display": "100", "missing_lines": 0, "excluded_lines": 0, "percent_statements_covered": 100.0, "percent_statements_covered_display": "100"}, "missing_lines": [], "excluded_lines": [], "start_line": 22}, "AlwaysDefect.name": {"executed_lines": [31], "summary": {"covered_lines": 1, "num_statements": 1, "percent_covered": 100.0, "percent_covered_display": "100", "missing_lines": 0, "excluded_lines": 0, "percent_statements_covered": 100.0, "percent_statements_covered_display": "100"}, "missing_lines": [], "excluded_lines": [], "start_line": 30}, "AlwaysDefect.choose_action": {"executed_lines": [34], "summary": {"covered_lines": 1, "num_statements": 1, "percent_covered": 100.0, "percent_covered_display": "100", "missing_lines": 0, "excluded_lines": 0, "percent_statements_covered": 100.0, "percent_statements_covered_display": "100"}, "missing_lines": [], "excluded_lines": [], "start_line": 33}, "TitForTat.name": {"executed_lines": [48], "summary": {"covered_lines": 1, "num_statements": 1, "percent_covered": 100.0, "percent_covered_display": "100", "missing_lines": 0, "excluded_lines": 0, "percent_statements_covered": 100.0, "percent_statements_covered_display": "100"}, "missing_lines": [], "excluded_lines": [], "start_line": 47}, "TitForTat.choose_action": {"executed_lines": [51, 52, 53, 55, 56, 57], "summary": {"covered_lines": 6, "num_statements": 7, "percent_covered": 85.71428571428571, "percent_covered_display": "86", "missing_lines": 1, "excluded_lines": 0, "percent_statements_covered": 85.71428571428571, "percent_statements_covered_display": "86"}, "missing_lines": [58], "excluded_lines": [], "start_line": 50}, "GrimTrigger.__init__": {"executed_lines": [69], "summary": {"covered_lines": 1, "num_statements": 1, "percent_covered": 100.0, "percent_covered_display": "100", "missing_lines": 0, "excluded_lines": 0, "percent_statements_covered": 100.0, "percent_statements_covered_display": "100"}, "missing_lines": [], "excluded_lines": [], "start_line": 68}, "GrimTrigger.name": {"executed_lines": [73], "summary": {"covered_lines": 1, "num_statements": 1, "percent_covered": 100.0, "percent_covered_display": "100", "missing_lines": 0, "excluded_lines": 0, "percent_statements_covered": 100.0, "percent_statements_covered_display": "100"}, "missing_lines": [], "excluded_lines": [], "start_line": 72}, "GrimTrigger.choose_action": {"executed_lines": [76, 78, 79, 80, 81, 82, 83], "summary": {"covered_lines": 7, "num_statements": 8, "percent_covered": 87.5, "percent_covered_display": "88", "missing_lines": 1, "excluded_lines": 0, "percent_statements_covered": 87.5, "percent_statements_covered_display": "88"}, "missing_lines": [77], "excluded_lines": [], "start_line": 75}, "GrimTrigger.reset": {"executed_lines": [86], "summary": {"covered_lines": 1, "num_statements": 1, "percent_covered": 100.0, "percent_covered_display": "100", "missing_lines": 0, "excluded_lines": 0, "percent_statements_covered": 100.0, "percent_statements_covered_display": "100"}, "missing_lines": [], "excluded_lines": [], "start_line": 85}, "Pavlov.name": {"executed_lines": [102], "summary": {"covered_lines": 1, "num_statements": 1, "percent_covered": 100.0, "percent_covered_display": "100", "missing_lines": 0, "excluded_lines": 0, "percent_statements_covered": 100.0, "percent_statements_covered_display": "100"}, "missing_lines": [], "excluded_lines": [], "start_line": 101}, "Pavlov.choose_action": {"executed_lines": [105, 106, 107, 108, 109, 110, 111, 112, 113, 115, 116, 117], "summary": {"covered_lines": 12, "num_statements": 12, "percent_covered": 100.0, "percent_covered_display": "100", "missing_lines": 0, "excluded_lines": 0, "percent_statements_covered": 100.0, "percent_statements_covered_display": "100"}, "missing_lines": [], "excluded_lines": [], "start_line": 104}, "RandomStrategy.__init__": {"executed_lines": [128], "summary": {"covered_lines": 1, "num_statements": 1, "percent_covered": 100.0, "percent_covered_display": "100", "missing_lines": 0, "excluded_lines": 0, "percent_statements_covered": 100.0, "percent_statements_covered_display": "100"}, "missing_lines": [], "excluded_lines": [], "start_line": 127}, "RandomStrategy.name": {"executed_lines": [132], "summary": {"covered_lines": 1, "num_statements": 1, "percent_covered": 100.0, "percent_covered_display": "100", "missing_lines": 0, "excluded_lines": 0, "percent_statements_covered": 100.0, "percent_statements_covered_display": "100"}, "missing_lines": [], "excluded_lines": [], "start_line": 131}, "RandomStrategy.choose_action": {"executed_lines": [135], "summary": {"covered_lines": 1, "num_statements": 1, "percent_covered": 100.0, "percent_covered_display": "100", "missing_lines": 0, "excluded_lines": 0, "percent_statements_covered": 100.0, "percent_statements_covered_display": "100"}, "missing_lines": [], "excluded_lines": [], "start_line": 134}, "RandomStrategy.reset": {"executed_lines": [138], "summary": {"covered_lines": 1, "num_statements": 1, "percent_covered": 100.0, "percent_covered_display": "100", "missing_lines": 0, "excluded_lines": 0, "percent_statements_covered": 100.0, "percent_statements_covered_display": "100"}, "missing_lines": [], "excluded_lines": [], "start_line": 137}, "": {"executed_lines": [3, 5, 6, 8, 9, 11, 12, 15, 18, 19, 22, 26, 29, 30, 33, 37, 46, 47, 50, 61, 68, 71, 72, 75, 85, 89, 100, 101, 104, 120, 127, 130, 131, 134, 137], "summary": {"covered_lines": 35, "num_statements": 35, "percent_covered": 100.0, "percent_covered_display": "100", "missing_lines": 0, "excluded_lines": 0, "percent_statements_covered": 100.0, "percent_statements_covered_display": "100"}, "missing_lines": [], "excluded_lines": [], "start_line": 1}}, "classes": {"AlwaysCooperate": {"executed_lines": [20, 23], "summary": {"covered_lines": 2, "num_statements": 2, "percent_covered": 100.0, "percent_covered_display": "100", "missing_lines": 0, "excluded_lines": 0, "percent_statements_covered": 100.0, "percent_statements_covered_display": "100"}, "missing_lines": [], "excluded_lines": [], "start_line": 15}, "AlwaysDefect": {"executed_lines": [31, 34], "summary": {"covered_lines": 2, "num_statements": 2, "percent_covered": 100.0, "percent_covered_display": "100", "missing_lines": 0, "excluded_lines": 0, "percent_statements_covered": 100.0, "percent_statements_covered_display": "100"}, "missing_lines": [], "excluded_lines": [], "start_line": 26}, "TitForTat": {"executed_lines": [48, 51, 52, 53, 55, 56, 57], "summary": {"covered_lines": 7, "num_statements": 8, "percent_covered": 87.5, "percent_covered_display": "88", "missing_lines": 1, "excluded_lines": 0, "percent_statements_covered": 87.5, "percent_statements_covered_display": "88"}, "missing_lines": [58], "excluded_lines": [], "start_line": 37}, "GrimTrigger": {"executed_lines": [69, 73, 76, 78, 79, 80, 81, 82, 83, 86], "summary": {"covered_lines": 10, "num_statements": 11, "percent_covered": 90.9090909090909, "percent_covered_display": "91", "missing_lines": 1, "excluded_lines": 0, "percent_statements_covered": 90.9090909090909, "percent_statements_covered_display": "91"}, "missing_lines": [77], "excluded_lines": [], "start_line": 61}, "Pavlov": {"executed_lines": [102, 105, 106, 107, 108, 109, 110, 111, 112, 113, 115, 116, 117], "summary": {"covered_lines": 13, "num_statements": 13, "percent_covered": 100.0, "percent_covered_display": "100", "missing_lines": 0, "excluded_lines": 0, "percent_statements_covered": 100.0, "percent_statements_covered_display": "100"}, "missing_lines": [], "excluded_lines": [], "start_line": 89}, "RandomStrategy": {"executed_lines": [128, 132, 135, 138], "summary": {"covered_lines": 4, "num_statements": 4, "percent_covered": 100.0, "percent_covered_display": "100", "missing_lines": 0, "excluded_lines": 0, "percent_statements_covered": 100.0, "percent_statements_covered_display": "100"}, "missing_lines": [], "excluded_lines": [], "start_line": 120}, "": {"executed_lines": [3, 5, 6, 8, 9, 11, 12, 15, 18, 19, 22, 26, 29, 30, 33, 37, 46, 47, 50, 61, 68, 71, 72, 75, 85, 89, 100, 101, 104, 120, 127, 130, 131, 134, 137], "summary": {"covered_lines": 35, "num_statements": 35, "percent_covered": 100.0, "percent_covered_display": "100", "missing_lines": 0, "excluded_lines": 0, "percent_statements_covered": 100.0, "percent_statements_covered_display": "100"}, "missing_lines": [], "excluded_lines": [], "start_line": 1}}}, "game_envs/strategies/pg_strategies.py": {"executed_lines": [3, 5, 7, 8, 11, 17, 18, 19, 21, 22, 23, 26, 33, 34, 35, 37, 38, 41, 49, 50, 51, 53, 54, 55, 56, 57, 58, 59, 60, 62, 65, 66, 68, 69, 72, 82, 83, 84, 86, 87, 88, 89, 91, 92, 93, 94, 95, 96, 97, 98, 99], "summary": {"covered_lines": 51, "num_statements": 53, "percent_covered": 96.22641509433963, "percent_covered_display": "96", "missing_lines": 2, "excluded_lines": 0, "percent_statements_covered": 96.22641509433963, "percent_statements_covered_display": "96"}, "missing_lines": [63, 67], "excluded_lines": [], "functions": {"FullContributor.name": {"executed_lines": [19], "summary": {"covered_lines": 1, "num_statements": 1, "percent_covered": 100.0, "percent_covered_display": "100", "missing_lines": 0, "excluded_lines": 0, "percent_statements_covered": 100.0, "percent_statements_covered_display": "100"}, "missing_lines": [], "excluded_lines": [], "start_line": 18}, "FullContributor.choose_action": {"executed_lines": [22, 23], "summary": {"covered_lines": 2, "num_statements": 2, "percent_covered": 100.0, "percent_covered_display": "100", "missing_lines": 0, "excluded_lines": 0, "percent_statements_covered": 100.0, "percent_statements_covered_display": "100"}, "missing_lines": [], "excluded_lines": [], "start_line": 21}, "FreeRider.name": {"executed_lines": [35], "summary": {"covered_lines": 1, "num_statements": 1, "percent_covered": 100.0, "percent_covered_display": "100", "missing_lines": 0, "excluded_lines": 0, "percent_statements_covered": 100.0, "percent_statements_covered_display": "100"}, "missing_lines": [], "excluded_lines": [], "start_line": 34}, "FreeRider.choose_action": {"executed_lines": [38], "summary": {"covered_lines": 1, "num_statements": 1, "percent_covered": 100.0, "percent_covered_display": "100", "missing_lines": 0, "excluded_lines": 0, "percent_statements_covered": 100.0, "percent_statements_covered_display": "100"}, "missing_lines": [], "excluded_lines": [], "start_line": 37}, "ConditionalCooperator.name": {"executed_lines": [51], "summary": {"covered_lines": 1, "num_statements": 1, "percent_covered": 100.0, "percent_covered_display": "100", "missing_lines": 0, "excluded_lines": 0, "percent_statements_covered": 100.0, "percent_statements_covered_display": "100"}, "missing_lines": [], "excluded_lines": [], "start_line": 50}, "ConditionalCooperator.choose_action": {"executed_lines": [54, 55, 56, 57, 58, 59, 60, 62, 65, 66, 68, 69], "summary": {"covered_lines": 12, "num_statements": 14, "percent_covered": 85.71428571428571, "percent_covered_display": "86", "missing_lines": 2, "excluded_lines": 0, "percent_statements_covered": 85.71428571428571, "percent_statements_covered_display": "86"}, "missing_lines": [63, 67], "excluded_lines": [], "start_line": 53}, "Punisher.name": {"executed_lines": [84], "summary": {"covered_lines": 1, "num_statements": 1, "percent_covered": 100.0, "percent_covered_display": "100", "missing_lines": 0, "excluded_lines": 0, "percent_statements_covered": 100.0, "percent_statements_covered_display": "100"}, "missing_lines": [], "excluded_lines": [], "start_line": 83}, "Punisher.choose_action": {"executed_lines": [87, 88, 89, 91, 92, 93, 94, 95, 96, 97, 98, 99], "summary": {"covered_lines": 12, "num_statements": 12, "percent_covered": 100.0, "percent_covered_display": "100", "missing_lines": 0, "excluded_lines": 0, "percent_statements_covered": 100.0, "percent_statements_covered_display": "100"}, "missing_lines": [], "excluded_lines": [], "start_line": 86}, "": {"executed_lines": [3, 5, 7, 8, 11, 17, 18, 21, 26, 33, 34, 37, 41, 49, 50, 53, 72, 82, 83, 86], "summary": {"covered_lines": 20, "num_statements": 20, "percent_covered": 100.0, "percent_covered_display": "100", "missing_lines": 0, "excluded_lines": 0, "percent_statements_covered": 100.0, "percent_statements_covered_display": "100"}, "missing_lines": [], "excluded_lines": [], "start_line": 1}}, "classes": {"FullContributor": {"executed_lines": [19, 22, 23], "summary": {"covered_lines": 3, "num_statements": 3, "percent_covered": 100.0, "percent_covered_display": "100", "missing_lines": 0, "excluded_lines": 0, "percent_statements_covered": 100.0, "percent_statements_covered_display": "100"}, "missing_lines": [], "excluded_lines": [], "start_line": 11}, "FreeRider": {"executed_lines": [35, 38], "summary": {"covered_lines": 2, "num_statements": 2, "percent_covered": 100.0, "percent_covered_display": "100", "missing_lines": 0, "excluded_lines": 0, "percent_statements_covered": 100.0, "percent_statements_covered_display": "100"}, "missing_lines": [], "excluded_lines": [], "start_line": 26}, "ConditionalCooperator": {"executed_lines": [51, 54, 55, 56, 57, 58, 59, 60, 62, 65, 66, 68, 69], "summary": {"covered_lines": 13, "num_statements": 15, "percent_covered": 86.66666666666667, "percent_covered_display": "87", "missing_lines": 2, "excluded_lines": 0, "percent_statements_covered": 86.66666666666667, "percent_statements_covered_display": "87"}, "missing_lines": [63, 67], "excluded_lines": [], "start_line": 41}, "Punisher": {"executed_lines": [84, 87, 88, 89, 91, 92, 93, 94, 95, 96, 97, 98, 99], "summary": {"covered_lines": 13, "num_statements": 13, "percent_covered": 100.0, "percent_covered_display": "100", "missing_lines": 0, "excluded_lines": 0, "percent_statements_covered": 100.0, "percent_statements_covered_display": "100"}, "missing_lines": [], "excluded_lines": [], "start_line": 72}, "": {"executed_lines": [3, 5, 7, 8, 11, 17, 18, 21, 26, 33, 34, 37, 41, 49, 50, 53, 72, 82, 83, 86], "summary": {"covered_lines": 20, "num_statements": 20, "percent_covered": 100.0, "percent_covered_display": "100", "missing_lines": 0, "excluded_lines": 0, "percent_statements_covered": 100.0, "percent_statements_covered_display": "100"}, "missing_lines": [], "excluded_lines": [], "start_line": 1}}}, "game_envs/strategies/registry.py": {"executed_lines": [3, 5, 7, 10, 18, 20, 21, 35, 36, 37, 39, 40, 52, 53, 54, 55, 57, 58, 73, 74, 76, 77, 79, 81, 82, 84], "summary": {"covered_lines": 26, "num_statements": 26, "percent_covered": 100.0, "percent_covered_display": "100", "missing_lines": 0, "excluded_lines": 0, "percent_statements_covered": 100.0, "percent_statements_covered_display": "100"}, "missing_lines": [], "excluded_lines": [], "functions": {"StrategyRegistry.register": {"executed_lines": [35, 36, 37], "summary": {"covered_lines": 3, "num_statements": 3, "percent_covered": 100.0, "percent_covered_display": "100", "missing_lines": 0, "excluded_lines": 0, "percent_statements_covered": 100.0, "percent_statements_covered_display": "100"}, "missing_lines": [], "excluded_lines": [], "start_line": 21}, "StrategyRegistry.get": {"executed_lines": [52, 53, 54, 55], "summary": {"covered_lines": 4, "num_statements": 4, "percent_covered": 100.0, "percent_covered_display": "100", "missing_lines": 0, "excluded_lines": 0, "percent_statements_covered": 100.0, "percent_statements_covered_display": "100"}, "missing_lines": [], "excluded_lines": [], "start_line": 40}, "StrategyRegistry.create": {"executed_lines": [73, 74], "summary": {"covered_lines": 2, "num_statements": 2, "percent_covered": 100.0, "percent_covered_display": "100", "missing_lines": 0, "excluded_lines": 0, "percent_statements_covered": 100.0, "percent_statements_covered_display": "100"}, "missing_lines": [], "excluded_lines": [], "start_line": 58}, "StrategyRegistry.list_strategies": {"executed_lines": [79], "summary": {"covered_lines": 1, "num_statements": 1, "percent_covered": 100.0, "percent_covered_display": "100", "missing_lines": 0, "excluded_lines": 0, "percent_statements_covered": 100.0, "percent_statements_covered_display": "100"}, "missing_lines": [], "excluded_lines": [], "start_line": 77}, "StrategyRegistry.clear": {"executed_lines": [84], "summary": {"covered_lines": 1, "num_statements": 1, "percent_covered": 100.0, "percent_covered_display": "100", "missing_lines": 0, "excluded_lines": 0, "percent_statements_covered": 100.0, "percent_statements_covered_display": "100"}, "missing_lines": [], "excluded_lines": [], "start_line": 82}, "": {"executed_lines": [3, 5, 7, 10, 18, 20, 21, 39, 40, 57, 58, 76, 77, 81, 82], "summary": {"covered_lines": 15, "num_statements": 15, "percent_covered": 100.0, "percent_covered_display": "100", "missing_lines": 0, "excluded_lines": 0, "percent_statements_covered": 100.0, "percent_statements_covered_display": "100"}, "missing_lines": [], "excluded_lines": [], "start_line": 1}}, "classes": {"StrategyRegistry": {"executed_lines": [35, 36, 37, 52, 53, 54, 55, 73, 74, 79, 84], "summary": {"covered_lines": 11, "num_statements": 11, "percent_covered": 100.0, "percent_covered_display": "100", "missing_lines": 0, "excluded_lines": 0, "percent_statements_covered": 100.0, "percent_statements_covered_display": "100"}, "missing_lines": [], "excluded_lines": [], "start_line": 10}, "": {"executed_lines": [3, 5, 7, 10, 18, 20, 21, 39, 40, 57, 58, 76, 77, 81, 82], "summary": {"covered_lines": 15, "num_statements": 15, "percent_covered": 100.0, "percent_covered_display": "100", "missing_lines": 0, "excluded_lines": 0, "percent_statements_covered": 100.0, "percent_statements_covered_display": "100"}, "missing_lines": [], "excluded_lines": [], "start_line": 1}}}}, "totals": {"covered_lines": 2211, "num_statements": 2261, "percent_covered": 97.78858911985847, "percent_covered_display": "98", "missing_lines": 50, "excluded_lines": 35, "percent_statements_covered": 97.78858911985847, "percent_statements_covered_display": "98"}}
