{"meta": {"format": 3, "version": "7.13.3", "timestamp": "2026-02-08T15:25:25.860467", "branch_coverage": false, "show_contexts": false}, "files": {"atp_games/__init__.py": {"executed_lines": [3, 6, 7, 8, 9, 10, 11, 12, 14], "summary": {"covered_lines": 9, "num_statements": 9, "percent_covered": 100.0, "percent_covered_display": "100", "missing_lines": 0, "excluded_lines": 0, "percent_statements_covered": 100.0, "percent_statements_covered_display": "100"}, "missing_lines": [], "excluded_lines": [], "functions": {"": {"executed_lines": [3, 6, 7, 8, 9, 10, 11, 12, 14], "summary": {"covered_lines": 9, "num_statements": 9, "percent_covered": 100.0, "percent_covered_display": "100", "missing_lines": 0, "excluded_lines": 0, "percent_statements_covered": 100.0, "percent_statements_covered_display": "100"}, "missing_lines": [], "excluded_lines": [], "start_line": 1}}, "classes": {"": {"executed_lines": [3, 6, 7, 8, 9, 10, 11, 12, 14], "summary": {"covered_lines": 9, "num_statements": 9, "percent_covered": 100.0, "percent_covered_display": "100", "missing_lines": 0, "excluded_lines": 0, "percent_statements_covered": 100.0, "percent_statements_covered_display": "100"}, "missing_lines": [], "excluded_lines": [], "start_line": 1}}}, "atp_games/evaluators/__init__.py": {"executed_lines": [3, 6, 8], "summary": {"covered_lines": 3, "num_statements": 3, "percent_covered": 100.0, "percent_covered_display": "100", "missing_lines": 0, "excluded_lines": 0, "percent_statements_covered": 100.0, "percent_statements_covered_display": "100"}, "missing_lines": [], "excluded_lines": [], "functions": {"": {"executed_lines": [3, 6, 8], "summary": {"covered_lines": 3, "num_statements": 3, "percent_covered": 100.0, "percent_covered_display": "100", "missing_lines": 0, "excluded_lines": 0, "percent_statements_covered": 100.0, "percent_statements_covered_display": "100"}, "missing_lines": [], "excluded_lines": [], "start_line": 1}}, "classes": {"": {"executed_lines": [3, 6, 8], "summary": {"covered_lines": 3, "num_statements": 3, "percent_covered": 100.0, "percent_covered_display": "100", "missing_lines": 0, "excluded_lines": 0, "percent_statements_covered": 100.0, "percent_statements_covered_display": "100"}, "missing_lines": [], "excluded_lines": [], "start_line": 1}}}, "atp_games/evaluators/exploitability_evaluator.py": {"executed_lines": [8, 10, 11, 13, 14, 15, 16, 21, 23, 26, 27, 41, 42, 43, 44, 45, 48, 64, 68, 70, 71, 73, 75, 102, 118, 119, 121, 122, 132, 133, 146, 147, 149, 150, 163, 174, 176, 177, 178, 191, 193, 194, 196, 197, 199, 202, 206, 216, 219, 222, 224, 226, 231, 232, 233, 256, 261, 262, 263, 264, 265, 281, 283, 291, 297, 298, 299, 300, 302, 303, 317, 331, 338, 339, 340, 347, 361, 369], "summary": {"covered_lines": 78, "num_statements": 89, "percent_covered": 87.64044943820225, "percent_covered_display": "88", "missing_lines": 11, "excluded_lines": 0, "percent_statements_covered": 87.64044943820225, "percent_statements_covered_display": "88"}, "missing_lines": [87, 88, 89, 90, 99, 100, 164, 179, 180, 272, 274], "excluded_lines": [], "functions": {"ExploitabilityEvaluator.__init__": {"executed_lines": [68], "summary": {"covered_lines": 1, "num_statements": 1, "percent_covered": 100.0, "percent_covered_display": "100", "missing_lines": 0, "excluded_lines": 0, "percent_statements_covered": 100.0, "percent_statements_covered_display": "100"}, "missing_lines": [], "excluded_lines": [], "start_line": 64}, "ExploitabilityEvaluator.name": {"executed_lines": [73], "summary": {"covered_lines": 1, "num_statements": 1, "percent_covered": 100.0, "percent_covered_display": "100", "missing_lines": 0, "excluded_lines": 0, "percent_statements_covered": 100.0, "percent_statements_covered_display": "100"}, "missing_lines": [], "excluded_lines": [], "start_line": 71}, "ExploitabilityEvaluator.evaluate": {"executed_lines": [], "summary": {"covered_lines": 0, "num_statements": 6, "percent_covered": 0.0, "percent_covered_display": "0", "missing_lines": 6, "excluded_lines": 0, "percent_statements_covered": 0.0, "percent_statements_covered_display": "0"}, "missing_lines": [87, 88, 89, 90, 99, 100], "excluded_lines": [], "start_line": 75}, "ExploitabilityEvaluator.evaluate_game": {"executed_lines": [118, 119, 121, 122, 132, 133, 146, 147, 149, 150, 163, 174, 176, 177, 178, 191, 193, 194, 196, 197, 199, 202, 206, 216, 219, 222, 224], "summary": {"covered_lines": 27, "num_statements": 30, "percent_covered": 90.0, "percent_covered_display": "90", "missing_lines": 3, "excluded_lines": 0, "percent_statements_covered": 90.0, "percent_statements_covered_display": "90"}, "missing_lines": [164, 179, 180], "excluded_lines": [], "start_line": 102}, "ExploitabilityEvaluator._resolve_config": {"executed_lines": [231, 232, 233], "summary": {"covered_lines": 3, "num_statements": 3, "percent_covered": 100.0, "percent_covered_display": "100", "missing_lines": 0, "excluded_lines": 0, "percent_statements_covered": 100.0, "percent_statements_covered_display": "100"}, "missing_lines": [], "excluded_lines": [], "start_line": 226}, "ExploitabilityEvaluator._collect_history": {"executed_lines": [261, 262, 263, 264, 265, 281], "summary": {"covered_lines": 6, "num_statements": 8, "percent_covered": 75.0, "percent_covered_display": "75", "missing_lines": 2, "excluded_lines": 0, "percent_statements_covered": 75.0, "percent_statements_covered_display": "75"}, "missing_lines": [272, 274], "excluded_lines": [], "start_line": 256}, "ExploitabilityEvaluator._check_per_player": {"executed_lines": [291, 297, 298, 299, 300, 302, 303, 317], "summary": {"covered_lines": 8, "num_statements": 8, "percent_covered": 100.0, "percent_covered_display": "100", "missing_lines": 0, "excluded_lines": 0, "percent_statements_covered": 100.0, "percent_statements_covered_display": "100"}, "missing_lines": [], "excluded_lines": [], "start_line": 283}, "ExploitabilityEvaluator._check_total": {"executed_lines": [338, 339, 340, 347], "summary": {"covered_lines": 4, "num_statements": 4, "percent_covered": 100.0, "percent_covered_display": "100", "missing_lines": 0, "excluded_lines": 0, "percent_statements_covered": 100.0, "percent_statements_covered_display": "100"}, "missing_lines": [], "excluded_lines": [], "start_line": 331}, "ExploitabilityEvaluator._strategy_summary": {"executed_lines": [369], "summary": {"covered_lines": 1, "num_statements": 1, "percent_covered": 100.0, "percent_covered_display": "100", "missing_lines": 0, "excluded_lines": 0, "percent_statements_covered": 100.0, "percent_statements_covered_display": "100"}, "missing_lines": [], "excluded_lines": [], "start_line": 361}, "": {"executed_lines": [8, 10, 11, 13, 14, 15, 16, 21, 23, 26, 27, 41, 42, 43, 44, 45, 48, 64, 70, 71, 75, 102, 226, 256, 283, 331, 361], "summary": {"covered_lines": 27, "num_statements": 27, "percent_covered": 100.0, "percent_covered_display": "100", "missing_lines": 0, "excluded_lines": 0, "percent_statements_covered": 100.0, "percent_statements_covered_display": "100"}, "missing_lines": [], "excluded_lines": [], "start_line": 1}}, "classes": {"ExploitabilityConfig": {"executed_lines": [], "summary": {"covered_lines": 0, "num_statements": 0, "percent_covered": 100.0, "percent_covered_display": "100", "missing_lines": 0, "excluded_lines": 0, "percent_statements_covered": 100.0, "percent_statements_covered_display": "100"}, "missing_lines": [], "excluded_lines": [], "start_line": 27}, "ExploitabilityEvaluator": {"executed_lines": [68, 73, 118, 119, 121, 122, 132, 133, 146, 147, 149, 150, 163, 174, 176, 177, 178, 191, 193, 194, 196, 197, 199, 202, 206, 216, 219, 222, 224, 231, 232, 233, 261, 262, 263, 264, 265, 281, 291, 297, 298, 299, 300, 302, 303, 317, 338, 339, 340, 347, 369], "summary": {"covered_lines": 51, "num_statements": 62, "percent_covered": 82.25806451612904, "percent_covered_display": "82", "missing_lines": 11, "excluded_lines": 0, "percent_statements_covered": 82.25806451612904, "percent_statements_covered_display": "82"}, "missing_lines": [87, 88, 89, 90, 99, 100, 164, 179, 180, 272, 274], "excluded_lines": [], "start_line": 48}, "": {"executed_lines": [8, 10, 11, 13, 14, 15, 16, 21, 23, 26, 27, 41, 42, 43, 44, 45, 48, 64, 70, 71, 75, 102, 226, 256, 283, 331, 361], "summary": {"covered_lines": 27, "num_statements": 27, "percent_covered": 100.0, "percent_covered_display": "100", "missing_lines": 0, "excluded_lines": 0, "percent_statements_covered": 100.0, "percent_statements_covered_display": "100"}, "missing_lines": [], "excluded_lines": [], "start_line": 1}}}, "atp_games/evaluators/payoff_evaluator.py": {"executed_lines": [8, 10, 11, 13, 14, 15, 17, 20, 21, 35, 36, 37, 38, 39, 48, 61, 65, 67, 68, 70, 72, 99, 115, 116, 118, 119, 120, 131, 134, 137, 140, 141, 143, 145, 150, 151, 152, 175, 181, 182, 183, 185, 186, 187, 188, 189, 190, 192, 193, 194, 195, 196, 197, 199, 200, 209, 210, 221, 231, 232, 234, 235, 236, 237, 240, 241, 243, 245, 250, 252, 253, 254, 255, 256, 257, 266, 274, 280, 281, 282, 284, 285, 286, 287, 296, 307, 315, 325, 326, 328, 329, 338, 341, 342, 343, 344, 345, 346, 347, 348, 349, 351, 352, 363], "summary": {"covered_lines": 104, "num_statements": 111, "percent_covered": 93.69369369369369, "percent_covered_display": "94", "missing_lines": 7, "excluded_lines": 0, "percent_statements_covered": 93.69369369369369, "percent_statements_covered_display": "94"}, "missing_lines": [84, 85, 86, 87, 96, 97, 238], "excluded_lines": [], "functions": {"PayoffEvaluator.__init__": {"executed_lines": [65], "summary": {"covered_lines": 1, "num_statements": 1, "percent_covered": 100.0, "percent_covered_display": "100", "missing_lines": 0, "excluded_lines": 0, "percent_statements_covered": 100.0, "percent_statements_covered_display": "100"}, "missing_lines": [], "excluded_lines": [], "start_line": 61}, "PayoffEvaluator.name": {"executed_lines": [70], "summary": {"covered_lines": 1, "num_statements": 1, "percent_covered": 100.0, "percent_covered_display": "100", "missing_lines": 0, "excluded_lines": 0, "percent_statements_covered": 100.0, "percent_statements_covered_display": "100"}, "missing_lines": [], "excluded_lines": [], "start_line": 68}, "PayoffEvaluator.evaluate": {"executed_lines": [], "summary": {"covered_lines": 0, "num_statements": 6, "percent_covered": 0.0, "percent_covered_display": "0", "missing_lines": 6, "excluded_lines": 0, "percent_statements_covered": 0.0, "percent_statements_covered_display": "0"}, "missing_lines": [84, 85, 86, 87, 96, 97], "excluded_lines": [], "start_line": 72}, "PayoffEvaluator.evaluate_game": {"executed_lines": [115, 116, 118, 119, 120, 131, 134, 137, 140, 141, 143], "summary": {"covered_lines": 11, "num_statements": 11, "percent_covered": 100.0, "percent_covered_display": "100", "missing_lines": 0, "excluded_lines": 0, "percent_statements_covered": 100.0, "percent_statements_covered_display": "100"}, "missing_lines": [], "excluded_lines": [], "start_line": 99}, "PayoffEvaluator._resolve_config": {"executed_lines": [150, 151, 152], "summary": {"covered_lines": 3, "num_statements": 3, "percent_covered": 100.0, "percent_covered_display": "100", "missing_lines": 0, "excluded_lines": 0, "percent_statements_covered": 100.0, "percent_statements_covered_display": "100"}, "missing_lines": [], "excluded_lines": [], "start_line": 145}, "PayoffEvaluator._check_average_payoff": {"executed_lines": [181, 182, 183, 185, 186, 187, 188, 189, 190, 192, 193, 194, 195, 196, 197, 199, 200, 209, 210], "summary": {"covered_lines": 19, "num_statements": 19, "percent_covered": 100.0, "percent_covered_display": "100", "missing_lines": 0, "excluded_lines": 0, "percent_statements_covered": 100.0, "percent_statements_covered_display": "100"}, "missing_lines": [], "excluded_lines": [], "start_line": 175}, "PayoffEvaluator._compute_payoff_score": {"executed_lines": [231, 232, 234, 235, 236, 237, 240, 241, 243], "summary": {"covered_lines": 9, "num_statements": 10, "percent_covered": 90.0, "percent_covered_display": "90", "missing_lines": 1, "excluded_lines": 0, "percent_statements_covered": 90.0, "percent_statements_covered_display": "90"}, "missing_lines": [238], "excluded_lines": [], "start_line": 221}, "PayoffEvaluator._check_payoff_distribution": {"executed_lines": [250, 252, 253, 254, 255, 256, 257, 266], "summary": {"covered_lines": 8, "num_statements": 8, "percent_covered": 100.0, "percent_covered_display": "100", "missing_lines": 0, "excluded_lines": 0, "percent_statements_covered": 100.0, "percent_statements_covered_display": "100"}, "missing_lines": [], "excluded_lines": [], "start_line": 245}, "PayoffEvaluator._check_social_welfare": {"executed_lines": [280, 281, 282, 284, 285, 286, 287, 296, 307], "summary": {"covered_lines": 9, "num_statements": 9, "percent_covered": 100.0, "percent_covered_display": "100", "missing_lines": 0, "excluded_lines": 0, "percent_statements_covered": 100.0, "percent_statements_covered_display": "100"}, "missing_lines": [], "excluded_lines": [], "start_line": 274}, "PayoffEvaluator._check_pareto_efficiency": {"executed_lines": [325, 326, 328, 329, 338, 341, 342, 343, 344, 345, 346, 347, 348, 349, 351, 352, 363], "summary": {"covered_lines": 17, "num_statements": 17, "percent_covered": 100.0, "percent_covered_display": "100", "missing_lines": 0, "excluded_lines": 0, "percent_statements_covered": 100.0, "percent_statements_covered_display": "100"}, "missing_lines": [], "excluded_lines": [], "start_line": 315}, "": {"executed_lines": [8, 10, 11, 13, 14, 15, 17, 20, 21, 35, 36, 37, 38, 39, 48, 61, 67, 68, 72, 99, 145, 175, 221, 245, 274, 315], "summary": {"covered_lines": 26, "num_statements": 26, "percent_covered": 100.0, "percent_covered_display": "100", "missing_lines": 0, "excluded_lines": 0, "percent_statements_covered": 100.0, "percent_statements_covered_display": "100"}, "missing_lines": [], "excluded_lines": [], "start_line": 1}}, "classes": {"PayoffConfig": {"executed_lines": [], "summary": {"covered_lines": 0, "num_statements": 0, "percent_covered": 100.0, "percent_covered_display": "100", "missing_lines": 0, "excluded_lines": 0, "percent_statements_covered": 100.0, "percent_statements_covered_display": "100"}, "missing_lines": [], "excluded_lines": [], "start_line": 21}, "PayoffEvaluator": {"executed_lines": [65, 70, 115, 116, 118, 119, 120, 131, 134, 137, 140, 141, 143, 150, 151, 152, 181, 182, 183, 185, 186, 187, 188, 189, 190, 192, 193, 194, 195, 196, 197, 199, 200, 209, 210, 231, 232, 234, 235, 236, 237, 240, 241, 243, 250, 252, 253, 254, 255, 256, 257, 266, 280, 281, 282, 284, 285, 286, 287, 296, 307, 325, 326, 328, 329, 338, 341, 342, 343, 344, 345, 346, 347, 348, 349, 351, 352, 363], "summary": {"covered_lines": 78, "num_statements": 85, "percent_covered": 91.76470588235294, "percent_covered_display": "92", "missing_lines": 7, "excluded_lines": 0, "percent_statements_covered": 91.76470588235294, "percent_statements_covered_display": "92"}, "missing_lines": [84, 85, 86, 87, 96, 97, 238], "excluded_lines": [], "start_line": 48}, "": {"executed_lines": [8, 10, 11, 13, 14, 15, 17, 20, 21, 35, 36, 37, 38, 39, 48, 61, 67, 68, 72, 99, 145, 175, 221, 245, 274, 315], "summary": {"covered_lines": 26, "num_statements": 26, "percent_covered": 100.0, "percent_covered_display": "100", "missing_lines": 0, "excluded_lines": 0, "percent_statements_covered": 100.0, "percent_statements_covered_display": "100"}, "missing_lines": [], "excluded_lines": [], "start_line": 1}}}, "atp_games/mapping/__init__.py": {"executed_lines": [3, 4, 6], "summary": {"covered_lines": 3, "num_statements": 3, "percent_covered": 100.0, "percent_covered_display": "100", "missing_lines": 0, "excluded_lines": 0, "percent_statements_covered": 100.0, "percent_statements_covered_display": "100"}, "missing_lines": [], "excluded_lines": [], "functions": {"": {"executed_lines": [3, 4, 6], "summary": {"covered_lines": 3, "num_statements": 3, "percent_covered": 100.0, "percent_covered_display": "100", "missing_lines": 0, "excluded_lines": 0, "percent_statements_covered": 100.0, "percent_statements_covered_display": "100"}, "missing_lines": [], "excluded_lines": [], "start_line": 1}}, "classes": {"": {"executed_lines": [3, 4, 6], "summary": {"covered_lines": 3, "num_statements": 3, "percent_covered": 100.0, "percent_covered_display": "100", "missing_lines": 0, "excluded_lines": 0, "percent_statements_covered": 100.0, "percent_statements_covered_display": "100"}, "missing_lines": [], "excluded_lines": [], "start_line": 1}}}, "atp_games/mapping/action_mapper.py": {"executed_lines": [3, 5, 6, 7, 8, 10, 16, 19, 20, 30, 31, 32, 33, 36, 39, 57, 58, 61, 62, 63, 64, 65, 73, 74, 75, 76, 77, 84, 89, 91, 92, 93, 94, 95, 96, 99, 100, 101, 102, 103, 104, 105], "summary": {"covered_lines": 42, "num_statements": 45, "percent_covered": 93.33333333333333, "percent_covered_display": "93", "missing_lines": 3, "excluded_lines": 0, "percent_statements_covered": 93.33333333333333, "percent_statements_covered_display": "93"}, "missing_lines": [106, 107, 109], "excluded_lines": [], "functions": {"ActionMapper.from_atp_response": {"executed_lines": [57, 58, 61, 62, 63, 64, 65, 73, 74, 75, 76, 77, 84], "summary": {"covered_lines": 13, "num_statements": 13, "percent_covered": 100.0, "percent_covered_display": "100", "missing_lines": 0, "excluded_lines": 0, "percent_statements_covered": 100.0, "percent_statements_covered_display": "100"}, "missing_lines": [], "excluded_lines": [], "start_line": 39}, "ActionMapper._try_parse_json": {"executed_lines": [91, 92, 93, 94, 95, 96, 99, 100, 101, 102, 103, 104, 105], "summary": {"covered_lines": 13, "num_statements": 16, "percent_covered": 81.25, "percent_covered_display": "81", "missing_lines": 3, "excluded_lines": 0, "percent_statements_covered": 81.25, "percent_statements_covered_display": "81"}, "missing_lines": [106, 107, 109], "excluded_lines": [], "start_line": 89}, "": {"executed_lines": [3, 5, 6, 7, 8, 10, 16, 19, 20, 30, 31, 32, 33, 36, 39, 89], "summary": {"covered_lines": 16, "num_statements": 16, "percent_covered": 100.0, "percent_covered_display": "100", "missing_lines": 0, "excluded_lines": 0, "percent_statements_covered": 100.0, "percent_statements_covered_display": "100"}, "missing_lines": [], "excluded_lines": [], "start_line": 1}}, "classes": {"GameAction": {"executed_lines": [], "summary": {"covered_lines": 0, "num_statements": 0, "percent_covered": 100.0, "percent_covered_display": "100", "missing_lines": 0, "excluded_lines": 0, "percent_statements_covered": 100.0, "percent_statements_covered_display": "100"}, "missing_lines": [], "excluded_lines": [], "start_line": 20}, "ActionMapper": {"executed_lines": [57, 58, 61, 62, 63, 64, 65, 73, 74, 75, 76, 77, 84, 91, 92, 93, 94, 95, 96, 99, 100, 101, 102, 103, 104, 105], "summary": {"covered_lines": 26, "num_statements": 29, "percent_covered": 89.65517241379311, "percent_covered_display": "90", "missing_lines": 3, "excluded_lines": 0, "percent_statements_covered": 89.65517241379311, "percent_statements_covered_display": "90"}, "missing_lines": [106, 107, 109], "excluded_lines": [], "start_line": 36}, "": {"executed_lines": [3, 5, 6, 7, 8, 10, 16, 19, 20, 30, 31, 32, 33, 36, 39, 89], "summary": {"covered_lines": 16, "num_statements": 16, "percent_covered": 100.0, "percent_covered_display": "100", "missing_lines": 0, "excluded_lines": 0, "percent_statements_covered": 100.0, "percent_statements_covered_display": "100"}, "missing_lines": [], "excluded_lines": [], "start_line": 1}}}, "atp_games/mapping/observation_mapper.py": {"executed_lines": [3, 5, 7, 8, 11, 14, 30, 31, 39, 41, 69, 75], "summary": {"covered_lines": 12, "num_statements": 12, "percent_covered": 100.0, "percent_covered_display": "100", "missing_lines": 0, "excluded_lines": 0, "percent_statements_covered": 100.0, "percent_statements_covered_display": "100"}, "missing_lines": [], "excluded_lines": [], "functions": {"ObservationMapper.to_atp_request": {"executed_lines": [30, 31, 39, 41], "summary": {"covered_lines": 4, "num_statements": 4, "percent_covered": 100.0, "percent_covered_display": "100", "missing_lines": 0, "excluded_lines": 0, "percent_statements_covered": 100.0, "percent_statements_covered_display": "100"}, "missing_lines": [], "excluded_lines": [], "start_line": 14}, "ObservationMapper._build_task_prompt": {"executed_lines": [75], "summary": {"covered_lines": 1, "num_statements": 1, "percent_covered": 100.0, "percent_covered_display": "100", "missing_lines": 0, "excluded_lines": 0, "percent_statements_covered": 100.0, "percent_statements_covered_display": "100"}, "missing_lines": [], "excluded_lines": [], "start_line": 69}, "": {"executed_lines": [3, 5, 7, 8, 11, 14, 69], "summary": {"covered_lines": 7, "num_statements": 7, "percent_covered": 100.0, "percent_covered_display": "100", "missing_lines": 0, "excluded_lines": 0, "percent_statements_covered": 100.0, "percent_statements_covered_display": "100"}, "missing_lines": [], "excluded_lines": [], "start_line": 1}}, "classes": {"ObservationMapper": {"executed_lines": [30, 31, 39, 41, 75], "summary": {"covered_lines": 5, "num_statements": 5, "percent_covered": 100.0, "percent_covered_display": "100", "missing_lines": 0, "excluded_lines": 0, "percent_statements_covered": 100.0, "percent_statements_covered_display": "100"}, "missing_lines": [], "excluded_lines": [], "start_line": 11}, "": {"executed_lines": [3, 5, 7, 8, 11, 14, 69], "summary": {"covered_lines": 7, "num_statements": 7, "percent_covered": 100.0, "percent_covered_display": "100", "missing_lines": 0, "excluded_lines": 0, "percent_statements_covered": 100.0, "percent_statements_covered_display": "100"}, "missing_lines": [], "excluded_lines": [], "start_line": 1}}}, "atp_games/models.py": {"executed_lines": [3, 5, 6, 9, 10, 19, 20, 21, 23, 24, 25, 26, 27, 28, 29, 32, 33, 43, 44, 45, 46, 48, 50, 57, 58, 60, 68, 69, 79, 80, 81, 82, 84, 85, 87, 89, 90, 92, 93, 94, 95, 96, 97, 98, 100, 102, 114, 115, 117, 118], "summary": {"covered_lines": 50, "num_statements": 50, "percent_covered": 100.0, "percent_covered_display": "100", "missing_lines": 0, "excluded_lines": 0, "percent_statements_covered": 100.0, "percent_statements_covered_display": "100"}, "missing_lines": [], "excluded_lines": [], "functions": {"GameRunConfig.__post_init__": {"executed_lines": [24, 25, 26, 27, 28, 29], "summary": {"covered_lines": 6, "num_statements": 6, "percent_covered": 100.0, "percent_covered_display": "100", "missing_lines": 0, "excluded_lines": 0, "percent_statements_covered": 100.0, "percent_statements_covered_display": "100"}, "missing_lines": [], "excluded_lines": [], "start_line": 23}, "EpisodeResult.to_dict": {"executed_lines": [50], "summary": {"covered_lines": 1, "num_statements": 1, "percent_covered": 100.0, "percent_covered_display": "100", "missing_lines": 0, "excluded_lines": 0, "percent_statements_covered": 100.0, "percent_statements_covered_display": "100"}, "missing_lines": [], "excluded_lines": [], "start_line": 48}, "EpisodeResult.from_dict": {"executed_lines": [60], "summary": {"covered_lines": 1, "num_statements": 1, "percent_covered": 100.0, "percent_covered_display": "100", "missing_lines": 0, "excluded_lines": 0, "percent_statements_covered": 100.0, "percent_statements_covered_display": "100"}, "missing_lines": [], "excluded_lines": [], "start_line": 58}, "GameResult.num_episodes": {"executed_lines": [87], "summary": {"covered_lines": 1, "num_statements": 1, "percent_covered": 100.0, "percent_covered_display": "100", "missing_lines": 0, "excluded_lines": 0, "percent_statements_covered": 100.0, "percent_statements_covered_display": "100"}, "missing_lines": [], "excluded_lines": [], "start_line": 85}, "GameResult.average_payoffs": {"executed_lines": [92, 93, 94, 95, 96, 97, 98], "summary": {"covered_lines": 7, "num_statements": 7, "percent_covered": 100.0, "percent_covered_display": "100", "missing_lines": 0, "excluded_lines": 0, "percent_statements_covered": 100.0, "percent_statements_covered_display": "100"}, "missing_lines": [], "excluded_lines": [], "start_line": 90}, "GameResult.to_dict": {"executed_lines": [102], "summary": {"covered_lines": 1, "num_statements": 1, "percent_covered": 100.0, "percent_covered_display": "100", "missing_lines": 0, "excluded_lines": 0, "percent_statements_covered": 100.0, "percent_statements_covered_display": "100"}, "missing_lines": [], "excluded_lines": [], "start_line": 100}, "GameResult.from_dict": {"executed_lines": [117, 118], "summary": {"covered_lines": 2, "num_statements": 2, "percent_covered": 100.0, "percent_covered_display": "100", "missing_lines": 0, "excluded_lines": 0, "percent_statements_covered": 100.0, "percent_statements_covered_display": "100"}, "missing_lines": [], "excluded_lines": [], "start_line": 115}, "": {"executed_lines": [3, 5, 6, 9, 10, 19, 20, 21, 23, 32, 33, 43, 44, 45, 46, 48, 57, 58, 68, 69, 79, 80, 81, 82, 84, 85, 89, 90, 100, 114, 115], "summary": {"covered_lines": 31, "num_statements": 31, "percent_covered": 100.0, "percent_covered_display": "100", "missing_lines": 0, "excluded_lines": 0, "percent_statements_covered": 100.0, "percent_statements_covered_display": "100"}, "missing_lines": [], "excluded_lines": [], "start_line": 1}}, "classes": {"GameRunConfig": {"executed_lines": [24, 25, 26, 27, 28, 29], "summary": {"covered_lines": 6, "num_statements": 6, "percent_covered": 100.0, "percent_covered_display": "100", "missing_lines": 0, "excluded_lines": 0, "percent_statements_covered": 100.0, "percent_statements_covered_display": "100"}, "missing_lines": [], "excluded_lines": [], "start_line": 10}, "EpisodeResult": {"executed_lines": [50, 60], "summary": {"covered_lines": 2, "num_statements": 2, "percent_covered": 100.0, "percent_covered_display": "100", "missing_lines": 0, "excluded_lines": 0, "percent_statements_covered": 100.0, "percent_statements_covered_display": "100"}, "missing_lines": [], "excluded_lines": [], "start_line": 33}, "GameResult": {"executed_lines": [87, 92, 93, 94, 95, 96, 97, 98, 102, 117, 118], "summary": {"covered_lines": 11, "num_statements": 11, "percent_covered": 100.0, "percent_covered_display": "100", "missing_lines": 0, "excluded_lines": 0, "percent_statements_covered": 100.0, "percent_statements_covered_display": "100"}, "missing_lines": [], "excluded_lines": [], "start_line": 69}, "": {"executed_lines": [3, 5, 6, 9, 10, 19, 20, 21, 23, 32, 33, 43, 44, 45, 46, 48, 57, 58, 68, 69, 79, 80, 81, 82, 84, 85, 89, 90, 100, 114, 115], "summary": {"covered_lines": 31, "num_statements": 31, "percent_covered": 100.0, "percent_covered_display": "100", "missing_lines": 0, "excluded_lines": 0, "percent_statements_covered": 100.0, "percent_statements_covered_display": "100"}, "missing_lines": [], "excluded_lines": [], "start_line": 1}}}, "atp_games/plugin.py": {"executed_lines": [3, 6, 13, 15, 18, 22, 23, 24, 27, 28], "summary": {"covered_lines": 10, "num_statements": 10, "percent_covered": 100.0, "percent_covered_display": "100", "missing_lines": 0, "excluded_lines": 0, "percent_statements_covered": 100.0, "percent_statements_covered_display": "100"}, "missing_lines": [], "excluded_lines": [], "functions": {"register": {"executed_lines": [13, 15, 18, 22, 23, 24, 27, 28], "summary": {"covered_lines": 8, "num_statements": 8, "percent_covered": 100.0, "percent_covered_display": "100", "missing_lines": 0, "excluded_lines": 0, "percent_statements_covered": 100.0, "percent_statements_covered_display": "100"}, "missing_lines": [], "excluded_lines": [], "start_line": 6}, "": {"executed_lines": [3, 6], "summary": {"covered_lines": 2, "num_statements": 2, "percent_covered": 100.0, "percent_covered_display": "100", "missing_lines": 0, "excluded_lines": 0, "percent_statements_covered": 100.0, "percent_statements_covered_display": "100"}, "missing_lines": [], "excluded_lines": [], "start_line": 1}}, "classes": {"": {"executed_lines": [3, 6, 13, 15, 18, 22, 23, 24, 27, 28], "summary": {"covered_lines": 10, "num_statements": 10, "percent_covered": 100.0, "percent_covered_display": "100", "missing_lines": 0, "excluded_lines": 0, "percent_statements_covered": 100.0, "percent_statements_covered_display": "100"}, "missing_lines": [], "excluded_lines": [], "start_line": 1}}}, "atp_games/runner/__init__.py": {"executed_lines": [3, 4, 5, 7], "summary": {"covered_lines": 4, "num_statements": 4, "percent_covered": 100.0, "percent_covered_display": "100", "missing_lines": 0, "excluded_lines": 0, "percent_statements_covered": 100.0, "percent_statements_covered_display": "100"}, "missing_lines": [], "excluded_lines": [], "functions": {"": {"executed_lines": [3, 4, 5, 7], "summary": {"covered_lines": 4, "num_statements": 4, "percent_covered": 100.0, "percent_covered_display": "100", "missing_lines": 0, "excluded_lines": 0, "percent_statements_covered": 100.0, "percent_statements_covered_display": "100"}, "missing_lines": [], "excluded_lines": [], "start_line": 1}}, "classes": {"": {"executed_lines": [3, 4, 5, 7], "summary": {"covered_lines": 4, "num_statements": 4, "percent_covered": 100.0, "percent_covered_display": "100", "missing_lines": 0, "excluded_lines": 0, "percent_statements_covered": 100.0, "percent_statements_covered_display": "100"}, "missing_lines": [], "excluded_lines": [], "start_line": 1}}}, "atp_games/runner/action_validator.py": {"executed_lines": [3, 5, 6, 7, 9, 11, 13, 16, 17, 28, 29, 30, 31, 32, 35, 43, 44, 46, 60, 61, 67, 70, 77, 91, 92, 93, 98, 112], "summary": {"covered_lines": 28, "num_statements": 28, "percent_covered": 100.0, "percent_covered_display": "100", "missing_lines": 0, "excluded_lines": 0, "percent_statements_covered": 100.0, "percent_statements_covered_display": "100"}, "missing_lines": [], "excluded_lines": [], "functions": {"ActionValidator.__init__": {"executed_lines": [44], "summary": {"covered_lines": 1, "num_statements": 1, "percent_covered": 100.0, "percent_covered_display": "100", "missing_lines": 0, "excluded_lines": 0, "percent_statements_covered": 100.0, "percent_statements_covered_display": "100"}, "missing_lines": [], "excluded_lines": [], "start_line": 43}, "ActionValidator.validate": {"executed_lines": [60, 61, 67, 70], "summary": {"covered_lines": 4, "num_statements": 4, "percent_covered": 100.0, "percent_covered_display": "100", "missing_lines": 0, "excluded_lines": 0, "percent_statements_covered": 100.0, "percent_statements_covered_display": "100"}, "missing_lines": [], "excluded_lines": [], "start_line": 46}, "ActionValidator.get_default_action": {"executed_lines": [91, 92, 93], "summary": {"covered_lines": 3, "num_statements": 3, "percent_covered": 100.0, "percent_covered_display": "100", "missing_lines": 0, "excluded_lines": 0, "percent_statements_covered": 100.0, "percent_statements_covered_display": "100"}, "missing_lines": [], "excluded_lines": [], "start_line": 77}, "ActionValidator.build_retry_prompt": {"executed_lines": [112], "summary": {"covered_lines": 1, "num_statements": 1, "percent_covered": 100.0, "percent_covered_display": "100", "missing_lines": 0, "excluded_lines": 0, "percent_statements_covered": 100.0, "percent_statements_covered_display": "100"}, "missing_lines": [], "excluded_lines": [], "start_line": 98}, "": {"executed_lines": [3, 5, 6, 7, 9, 11, 13, 16, 17, 28, 29, 30, 31, 32, 35, 43, 46, 77, 98], "summary": {"covered_lines": 19, "num_statements": 19, "percent_covered": 100.0, "percent_covered_display": "100", "missing_lines": 0, "excluded_lines": 0, "percent_statements_covered": 100.0, "percent_statements_covered_display": "100"}, "missing_lines": [], "excluded_lines": [], "start_line": 1}}, "classes": {"ValidationResult": {"executed_lines": [], "summary": {"covered_lines": 0, "num_statements": 0, "percent_covered": 100.0, "percent_covered_display": "100", "missing_lines": 0, "excluded_lines": 0, "percent_statements_covered": 100.0, "percent_statements_covered_display": "100"}, "missing_lines": [], "excluded_lines": [], "start_line": 17}, "ActionValidator": {"executed_lines": [44, 60, 61, 67, 70, 91, 92, 93, 112], "summary": {"covered_lines": 9, "num_statements": 9, "percent_covered": 100.0, "percent_covered_display": "100", "missing_lines": 0, "excluded_lines": 0, "percent_statements_covered": 100.0, "percent_statements_covered_display": "100"}, "missing_lines": [], "excluded_lines": [], "start_line": 35}, "": {"executed_lines": [3, 5, 6, 7, 9, 11, 13, 16, 17, 28, 29, 30, 31, 32, 35, 43, 46, 77, 98], "summary": {"covered_lines": 19, "num_statements": 19, "percent_covered": 100.0, "percent_covered_display": "100", "missing_lines": 0, "excluded_lines": 0, "percent_statements_covered": 100.0, "percent_statements_covered_display": "100"}, "missing_lines": [], "excluded_lines": [], "start_line": 1}}}, "atp_games/runner/builtin_adapter.py": {"executed_lines": [3, 5, 7, 8, 15, 16, 19, 26, 31, 32, 34, 35, 36, 38, 39, 41, 43, 50, 51, 53, 67, 71, 72, 74, 81, 82, 83, 84, 86, 87, 89, 98, 100], "summary": {"covered_lines": 33, "num_statements": 33, "percent_covered": 100.0, "percent_covered_display": "100", "missing_lines": 0, "excluded_lines": 0, "percent_statements_covered": 100.0, "percent_statements_covered_display": "100"}, "missing_lines": [], "excluded_lines": [], "functions": {"BuiltinAdapter.__init__": {"executed_lines": [31, 32], "summary": {"covered_lines": 2, "num_statements": 2, "percent_covered": 100.0, "percent_covered_display": "100", "missing_lines": 0, "excluded_lines": 0, "percent_statements_covered": 100.0, "percent_statements_covered_display": "100"}, "missing_lines": [], "excluded_lines": [], "start_line": 26}, "BuiltinAdapter.adapter_type": {"executed_lines": [36], "summary": {"covered_lines": 1, "num_statements": 1, "percent_covered": 100.0, "percent_covered_display": "100", "missing_lines": 0, "excluded_lines": 0, "percent_statements_covered": 100.0, "percent_statements_covered_display": "100"}, "missing_lines": [], "excluded_lines": [], "start_line": 35}, "BuiltinAdapter.strategy": {"executed_lines": [41], "summary": {"covered_lines": 1, "num_statements": 1, "percent_covered": 100.0, "percent_covered_display": "100", "missing_lines": 0, "excluded_lines": 0, "percent_statements_covered": 100.0, "percent_statements_covered_display": "100"}, "missing_lines": [], "excluded_lines": [], "start_line": 39}, "BuiltinAdapter.execute": {"executed_lines": [50, 51, 53], "summary": {"covered_lines": 3, "num_statements": 3, "percent_covered": 100.0, "percent_covered_display": "100", "missing_lines": 0, "excluded_lines": 0, "percent_statements_covered": 100.0, "percent_statements_covered_display": "100"}, "missing_lines": [], "excluded_lines": [], "start_line": 43}, "BuiltinAdapter.stream_events": {"executed_lines": [71, 72], "summary": {"covered_lines": 2, "num_statements": 2, "percent_covered": 100.0, "percent_covered_display": "100", "missing_lines": 0, "excluded_lines": 0, "percent_statements_covered": 100.0, "percent_statements_covered_display": "100"}, "missing_lines": [], "excluded_lines": [], "start_line": 67}, "BuiltinAdapter._extract_observation": {"executed_lines": [81, 82, 83, 84, 86, 87, 89], "summary": {"covered_lines": 7, "num_statements": 7, "percent_covered": 100.0, "percent_covered_display": "100", "missing_lines": 0, "excluded_lines": 0, "percent_statements_covered": 100.0, "percent_statements_covered_display": "100"}, "missing_lines": [], "excluded_lines": [], "start_line": 74}, "BuiltinAdapter.reset": {"executed_lines": [100], "summary": {"covered_lines": 1, "num_statements": 1, "percent_covered": 100.0, "percent_covered_display": "100", "missing_lines": 0, "excluded_lines": 0, "percent_statements_covered": 100.0, "percent_statements_covered_display": "100"}, "missing_lines": [], "excluded_lines": [], "start_line": 98}, "": {"executed_lines": [3, 5, 7, 8, 15, 16, 19, 26, 34, 35, 38, 39, 43, 67, 74, 98], "summary": {"covered_lines": 16, "num_statements": 16, "percent_covered": 100.0, "percent_covered_display": "100", "missing_lines": 0, "excluded_lines": 0, "percent_statements_covered": 100.0, "percent_statements_covered_display": "100"}, "missing_lines": [], "excluded_lines": [], "start_line": 1}}, "classes": {"BuiltinAdapter": {"executed_lines": [31, 32, 36, 41, 50, 51, 53, 71, 72, 81, 82, 83, 84, 86, 87, 89, 100], "summary": {"covered_lines": 17, "num_statements": 17, "percent_covered": 100.0, "percent_covered_display": "100", "missing_lines": 0, "excluded_lines": 0, "percent_statements_covered": 100.0, "percent_statements_covered_display": "100"}, "missing_lines": [], "excluded_lines": [], "start_line": 19}, "": {"executed_lines": [3, 5, 7, 8, 15, 16, 19, 26, 34, 35, 38, 39, 43, 67, 74, 98], "summary": {"covered_lines": 16, "num_statements": 16, "percent_covered": 100.0, "percent_covered_display": "100", "missing_lines": 0, "excluded_lines": 0, "percent_statements_covered": 100.0, "percent_statements_covered_display": "100"}, "missing_lines": [], "excluded_lines": [], "start_line": 1}}}, "atp_games/runner/game_runner.py": {"executed_lines": [3, 5, 6, 7, 9, 10, 11, 13, 14, 15, 16, 17, 19, 22, 31, 37, 38, 39, 41, 57, 58, 60, 64, 65, 66, 67, 69, 76, 95, 96, 97, 99, 100, 101, 103, 104, 106, 107, 123, 124, 125, 127, 134, 147, 159, 160, 162, 189, 205, 206, 210, 211, 212, 213, 214, 216, 217, 219, 220, 221, 227, 228, 229, 235, 236, 243, 244, 249, 251, 262, 263, 264, 272, 278, 279, 280], "summary": {"covered_lines": 76, "num_statements": 83, "percent_covered": 91.56626506024097, "percent_covered_display": "92", "missing_lines": 7, "excluded_lines": 0, "percent_statements_covered": 91.56626506024097, "percent_statements_covered_display": "92"}, "missing_lines": [115, 175, 176, 177, 178, 186, 187], "excluded_lines": [], "functions": {"GameRunner.__init__": {"executed_lines": [37, 38, 39], "summary": {"covered_lines": 3, "num_statements": 3, "percent_covered": 100.0, "percent_covered_display": "100", "missing_lines": 0, "excluded_lines": 0, "percent_statements_covered": 100.0, "percent_statements_covered_display": "100"}, "missing_lines": [], "excluded_lines": [], "start_line": 31}, "GameRunner.run_game": {"executed_lines": [57, 58, 60, 64, 65, 66, 67, 69], "summary": {"covered_lines": 8, "num_statements": 8, "percent_covered": 100.0, "percent_covered_display": "100", "missing_lines": 0, "excluded_lines": 0, "percent_statements_covered": 100.0, "percent_statements_covered_display": "100"}, "missing_lines": [], "excluded_lines": [], "start_line": 41}, "GameRunner._run_episode": {"executed_lines": [95, 96, 97, 99, 100, 101, 103, 104, 106, 107, 123, 124, 125, 127], "summary": {"covered_lines": 14, "num_statements": 15, "percent_covered": 93.33333333333333, "percent_covered_display": "93", "missing_lines": 1, "excluded_lines": 0, "percent_statements_covered": 93.33333333333333, "percent_statements_covered_display": "93"}, "missing_lines": [115], "excluded_lines": [], "start_line": 76}, "GameRunner._parallel_moves": {"executed_lines": [147, 159, 160], "summary": {"covered_lines": 3, "num_statements": 3, "percent_covered": 100.0, "percent_covered_display": "100", "missing_lines": 0, "excluded_lines": 0, "percent_statements_covered": 100.0, "percent_statements_covered_display": "100"}, "missing_lines": [], "excluded_lines": [], "start_line": 134}, "GameRunner._sequential_moves": {"executed_lines": [], "summary": {"covered_lines": 0, "num_statements": 6, "percent_covered": 0.0, "percent_covered_display": "0", "missing_lines": 6, "excluded_lines": 0, "percent_statements_covered": 0.0, "percent_statements_covered_display": "0"}, "missing_lines": [175, 176, 177, 178, 186, 187], "excluded_lines": [], "start_line": 162}, "GameRunner._get_validated_action": {"executed_lines": [205, 206, 210, 211, 212, 213, 214, 216, 217, 219, 220, 221, 227, 228, 229, 235, 236, 243, 244, 249], "summary": {"covered_lines": 20, "num_statements": 20, "percent_covered": 100.0, "percent_covered_display": "100", "missing_lines": 0, "excluded_lines": 0, "percent_statements_covered": 100.0, "percent_statements_covered_display": "100"}, "missing_lines": [], "excluded_lines": [], "start_line": 189}, "GameRunner._add_error_context": {"executed_lines": [262, 263, 264], "summary": {"covered_lines": 3, "num_statements": 3, "percent_covered": 100.0, "percent_covered_display": "100", "missing_lines": 0, "excluded_lines": 0, "percent_statements_covered": 100.0, "percent_statements_covered_display": "100"}, "missing_lines": [], "excluded_lines": [], "start_line": 251}, "GameRunner._get_agent_name": {"executed_lines": [278, 279, 280], "summary": {"covered_lines": 3, "num_statements": 3, "percent_covered": 100.0, "percent_covered_display": "100", "missing_lines": 0, "excluded_lines": 0, "percent_statements_covered": 100.0, "percent_statements_covered_display": "100"}, "missing_lines": [], "excluded_lines": [], "start_line": 272}, "": {"executed_lines": [3, 5, 6, 7, 9, 10, 11, 13, 14, 15, 16, 17, 19, 22, 31, 41, 76, 134, 162, 189, 251, 272], "summary": {"covered_lines": 22, "num_statements": 22, "percent_covered": 100.0, "percent_covered_display": "100", "missing_lines": 0, "excluded_lines": 0, "percent_statements_covered": 100.0, "percent_statements_covered_display": "100"}, "missing_lines": [], "excluded_lines": [], "start_line": 1}}, "classes": {"GameRunner": {"executed_lines": [37, 38, 39, 57, 58, 60, 64, 65, 66, 67, 69, 95, 96, 97, 99, 100, 101, 103, 104, 106, 107, 123, 124, 125, 127, 147, 159, 160, 205, 206, 210, 211, 212, 213, 214, 216, 217, 219, 220, 221, 227, 228, 229, 235, 236, 243, 244, 249, 262, 263, 264, 278, 279, 280], "summary": {"covered_lines": 54, "num_statements": 61, "percent_covered": 88.52459016393442, "percent_covered_display": "89", "missing_lines": 7, "excluded_lines": 0, "percent_statements_covered": 88.52459016393442, "percent_statements_covered_display": "89"}, "missing_lines": [115, 175, 176, 177, 178, 186, 187], "excluded_lines": [], "start_line": 22}, "": {"executed_lines": [3, 5, 6, 7, 9, 10, 11, 13, 14, 15, 16, 17, 19, 22, 31, 41, 76, 134, 162, 189, 251, 272], "summary": {"covered_lines": 22, "num_statements": 22, "percent_covered": 100.0, "percent_covered_display": "100", "missing_lines": 0, "excluded_lines": 0, "percent_statements_covered": 100.0, "percent_statements_covered_display": "100"}, "missing_lines": [], "excluded_lines": [], "start_line": 1}}}}, "totals": {"covered_lines": 452, "num_statements": 480, "percent_covered": 94.16666666666667, "percent_covered_display": "94", "missing_lines": 28, "excluded_lines": 0, "percent_statements_covered": 94.16666666666667, "percent_statements_covered_display": "94"}}
